<?xml version="1.0" encoding="UTF-8"?>
<testsuite name="MinesweeperTest" tests="1" skipped="0" failures="0" errors="0" timestamp="2020-07-25T06:19:34" hostname="mc-desktop" time="7.577">
  <properties/>
  <testcase name="start" classname="MinesweeperTest" time="7.577"/>
  <system-out><![CDATA[?[1;31m
Start test 1?[0m
How many mines do you want on the field? > > 1
 |123456789|
-|---------|
1|.........|
2|.........|
3|.........|
4|.........|
5|.........|
6|.........|
7|.........|
8|.........|
9|.........|
-|---------|
Set/unset mines marks or claim a cell as free: > > 1 5 free
 |123456789|
-|---------|
1|..1//////|
2|111//////|
3|/////////|
4|/////////|
5|/////////|
6|/////////|
7|/////////|
8|/////////|
9|/////////|
-|---------|
Set/unset mines marks or claim a cell as free: > > 1 1 free
 |123456789|
-|---------|
1|1.1//////|
2|111//////|
3|/////////|
4|/////////|
5|/////////|
6|/////////|
7|/////////|
8|/////////|
9|/////////|
-|---------|
Congratulations! You found all the mines!
?[1;31m
Start test 2?[0m
How many mines do you want on the field? > > 1
 |123456789|
-|---------|
1|.........|
2|.........|
3|.........|
4|.........|
5|.........|
6|.........|
7|.........|
8|.........|
9|.........|
-|---------|
Set/unset mines marks or claim a cell as free: > > 8 8 free
 |123456789|
-|---------|
1|/////////|
2|/////////|
3|/////////|
4|///////11|
5|///////1.|
6|///////11|
7|/////////|
8|/////////|
9|/////////|
-|---------|
Congratulations! You found all the mines!
?[1;31m
Start test 3?[0m
How many mines do you want on the field? > > 1
 |123456789|
-|---------|
1|.........|
2|.........|
3|.........|
4|.........|
5|.........|
6|.........|
7|.........|
8|.........|
9|.........|
-|---------|
Set/unset mines marks or claim a cell as free: > > 7 3 free
 |123456789|
-|---------|
1|/////////|
2|/////////|
3|111//////|
4|..1//////|
5|111//////|
6|/////////|
7|/////////|
8|/////////|
9|/////////|
-|---------|
Set/unset mines marks or claim a cell as free: > > 1 4 free
 |123456789|
-|---------|
1|/////////|
2|/////////|
3|111//////|
4|1.1//////|
5|111//////|
6|/////////|
7|/////////|
8|/////////|
9|/////////|
-|---------|
Congratulations! You found all the mines!
?[1;31m
Start test 4?[0m
How many mines do you want on the field? > > 1
 |123456789|
-|---------|
1|.........|
2|.........|
3|.........|
4|.........|
5|.........|
6|.........|
7|.........|
8|.........|
9|.........|
-|---------|
Set/unset mines marks or claim a cell as free: > > 2 8 free
 |123456789|
-|---------|
1|/////////|
2|/////////|
3|/////////|
4|/////////|
5|/////////|
6|/////////|
7|///////11|
8|///////1.|
9|///////1.|
-|---------|
Set/unset mines marks or claim a cell as free: > > 9 9 free
 |123456789|
-|---------|
1|/////////|
2|/////////|
3|/////////|
4|/////////|
5|/////////|
6|/////////|
7|///////11|
8|///////1.|
9|///////11|
-|---------|
Congratulations! You found all the mines!
?[1;31m
Start test 5?[0m
How many mines do you want on the field? > > 1
 |123456789|
-|---------|
1|.........|
2|.........|
3|.........|
4|.........|
5|.........|
6|.........|
7|.........|
8|.........|
9|.........|
-|---------|
Set/unset mines marks or claim a cell as free: > > 7 3 free
 |123456789|
-|---------|
1|/////////|
2|/////////|
3|/////////|
4|/////111/|
5|/////1.1/|
6|/////111/|
7|/////////|
8|/////////|
9|/////////|
-|---------|
Congratulations! You found all the mines!
?[1;31m
Start test 6?[0m
How many mines do you want on the field? > > 1
 |123456789|
-|---------|
1|.........|
2|.........|
3|.........|
4|.........|
5|.........|
6|.........|
7|.........|
8|.........|
9|.........|
-|---------|
Set/unset mines marks or claim a cell as free: > > 2 9 free
 |123456789|
-|---------|
1|/////////|
2|/////////|
3|/////////|
4|/////////|
5|/////////|
6|/////////|
7|//111////|
8|//1.1////|
9|//1.1////|
-|---------|
Set/unset mines marks or claim a cell as free: > > 4 8 free
 |123456789|
-|---------|
1|/////////|
2|/////////|
3|/////////|
4|/////////|
5|/////////|
6|/////////|
7|//111////|
8|//1X1////|
9|//1.1////|
-|---------|
You stepped on a mine and failed!
?[1;31m
Start test 7?[0m
How many mines do you want on the field? > > 1
 |123456789|
-|---------|
1|.........|
2|.........|
3|.........|
4|.........|
5|.........|
6|.........|
7|.........|
8|.........|
9|.........|
-|---------|
Set/unset mines marks or claim a cell as free: > > 2 7 mine
 |123456789|
-|---------|
1|.........|
2|.........|
3|.........|
4|.........|
5|.........|
6|.........|
7|.*.......|
8|.........|
9|.........|
-|---------|
Set/unset mines marks or claim a cell as free: > > 4 7 free
 |123456789|
-|---------|
1|/////////|
2|/////////|
3|/////////|
4|/////////|
5|/////////|
6|/////////|
7|/////////|
8|////111//|
9|////1.1//|
-|---------|
Congratulations! You found all the mines!
?[1;31m
Start test 8?[0m
How many mines do you want on the field? > > 1
 |123456789|
-|---------|
1|.........|
2|.........|
3|.........|
4|.........|
5|.........|
6|.........|
7|.........|
8|.........|
9|.........|
-|---------|
Set/unset mines marks or claim a cell as free: > > 5 9 mine
 |123456789|
-|---------|
1|.........|
2|.........|
3|.........|
4|.........|
5|.........|
6|.........|
7|.........|
8|.........|
9|....*....|
-|---------|
Set/unset mines marks or claim a cell as free: > > 7 6 free
 |123456789|
-|---------|
1|////1.1//|
2|////1.1//|
3|////111//|
4|/////////|
5|/////////|
6|/////////|
7|/////////|
8|/////////|
9|/////////|
-|---------|
Set/unset mines marks or claim a cell as free: > > 6 2 free
 |123456789|
-|---------|
1|////1.1//|
2|////1X1//|
3|////111//|
4|/////////|
5|/////////|
6|/////////|
7|/////////|
8|/////////|
9|/////////|
-|---------|
You stepped on a mine and failed!
?[1;31m
Start test 9?[0m
How many mines do you want on the field? > > 1
 |123456789|
-|---------|
1|.........|
2|.........|
3|.........|
4|.........|
5|.........|
6|.........|
7|.........|
8|.........|
9|.........|
-|---------|
Set/unset mines marks or claim a cell as free: > > 4 5 free
 |123456789|
-|---------|
1|//1.1////|
2|//1.1////|
3|//111////|
4|/////////|
5|/////////|
6|/////////|
7|/////////|
8|/////////|
9|/////////|
-|---------|
Set/unset mines marks or claim a cell as free: > > 4 1 free
 |123456789|
-|---------|
1|//111////|
2|//1.1////|
3|//111////|
4|/////////|
5|/////////|
6|/////////|
7|/////////|
8|/////////|
9|/////////|
-|---------|
Congratulations! You found all the mines!
?[1;31m
Start test 10?[0m
How many mines do you want on the field? > > 1
 |123456789|
-|---------|
1|.........|
2|.........|
3|.........|
4|.........|
5|.........|
6|.........|
7|.........|
8|.........|
9|.........|
-|---------|
Set/unset mines marks or claim a cell as free: > > 3 4 free
 |123456789|
-|---------|
1|/////////|
2|/////////|
3|/////////|
4|////111//|
5|////1.1//|
6|////111//|
7|/////////|
8|/////////|
9|/////////|
-|---------|
Congratulations! You found all the mines!
?[1;31m
Start test 11?[0m
How many mines do you want on the field? > > 1
 |123456789|
-|---------|
1|.........|
2|.........|
3|.........|
4|.........|
5|.........|
6|.........|
7|.........|
8|.........|
9|.........|
-|---------|
Set/unset mines marks or claim a cell as free: > > 9 8 free
 |123456789|
-|---------|
1|/////////|
2|/////////|
3|/////////|
4|/111/////|
5|/1.1/////|
6|/111/////|
7|/////////|
8|/////////|
9|/////////|
-|---------|
Congratulations! You found all the mines!
?[1;31m
Start test 12?[0m
How many mines do you want on the field? > > 1
 |123456789|
-|---------|
1|.........|
2|.........|
3|.........|
4|.........|
5|.........|
6|.........|
7|.........|
8|.........|
9|.........|
-|---------|
Set/unset mines marks or claim a cell as free: > > 5 2 mine
 |123456789|
-|---------|
1|.........|
2|....*....|
3|.........|
4|.........|
5|.........|
6|.........|
7|.........|
8|.........|
9|.........|
-|---------|
Set/unset mines marks or claim a cell as free: > > 9 6 mine
 |123456789|
-|---------|
1|.........|
2|....*....|
3|.........|
4|.........|
5|.........|
6|........*|
7|.........|
8|.........|
9|.........|
-|---------|
Set/unset mines marks or claim a cell as free: > > 4 8 mine
 |123456789|
-|---------|
1|.........|
2|....*....|
3|.........|
4|.........|
5|.........|
6|........*|
7|.........|
8|...*.....|
9|.........|
-|---------|
Set/unset mines marks or claim a cell as free: > > 5 2 mine
 |123456789|
-|---------|
1|.........|
2|.........|
3|.........|
4|.........|
5|.........|
6|........*|
7|.........|
8|...*.....|
9|.........|
-|---------|
Set/unset mines marks or claim a cell as free: > > 8 9 mine
 |123456789|
-|---------|
1|.........|
2|.........|
3|.........|
4|.........|
5|.........|
6|........*|
7|.........|
8|...*.....|
9|.......*.|
-|---------|
Set/unset mines marks or claim a cell as free: > > 4 3 mine
 |123456789|
-|---------|
1|.........|
2|.........|
3|...*.....|
4|.........|
5|.........|
6|........*|
7|.........|
8|...*.....|
9|.......*.|
-|---------|
Set/unset mines marks or claim a cell as free: > > 8 9 mine
 |123456789|
-|---------|
1|.........|
2|.........|
3|...*.....|
4|.........|
5|.........|
6|........*|
7|.........|
8|...*.....|
9|.........|
-|---------|
Set/unset mines marks or claim a cell as free: > > 2 6 mine
 |123456789|
-|---------|
1|.........|
2|.........|
3|...*.....|
4|.........|
5|.........|
6|.*......*|
7|.........|
8|...*.....|
9|.........|
-|---------|
Set/unset mines marks or claim a cell as free: > > 6 5 mine
 |123456789|
-|---------|
1|.........|
2|.........|
3|...*.....|
4|.........|
5|.....*...|
6|.*......*|
7|.........|
8|...*.....|
9|.........|
-|---------|
Set/unset mines marks or claim a cell as free: > > 4 8 mine
 |123456789|
-|---------|
1|.........|
2|.........|
3|...*.....|
4|.........|
5|.....*...|
6|.*......*|
7|.........|
8|.........|
9|.........|
-|---------|
Set/unset mines marks or claim a cell as free: > > 3 1 mine
 |123456789|
-|---------|
1|..*......|
2|.........|
3|...*.....|
4|.........|
5|.....*...|
6|.*......*|
7|.........|
8|.........|
9|.........|
-|---------|
Set/unset mines marks or claim a cell as free: > > 3 3 mine
 |123456789|
-|---------|
1|..*......|
2|.........|
3|..**.....|
4|.........|
5|.....*...|
6|.*......*|
7|.........|
8|.........|
9|.........|
-|---------|
Set/unset mines marks or claim a cell as free: > > 4 3 mine
 |123456789|
-|---------|
1|..*......|
2|.........|
3|..*......|
4|.........|
5|.....*...|
6|.*......*|
7|.........|
8|.........|
9|.........|
-|---------|
Set/unset mines marks or claim a cell as free: > > 6 5 mine
 |123456789|
-|---------|
1|..*......|
2|.........|
3|..*......|
4|.........|
5|.........|
6|.*......*|
7|.........|
8|.........|
9|.........|
-|---------|
Set/unset mines marks or claim a cell as free: > > 2 6 mine
 |123456789|
-|---------|
1|..*......|
2|.........|
3|..*......|
4|.........|
5|.........|
6|........*|
7|.........|
8|.........|
9|.........|
-|---------|
Set/unset mines marks or claim a cell as free: > > 1 8 free
 |123456789|
-|---------|
1|////1.1//|
2|////111//|
3|/////////|
4|/////////|
5|/////////|
6|/////////|
7|/////////|
8|/////////|
9|/////////|
-|---------|
Congratulations! You found all the mines!
?[1;31m
Start test 13?[0m
How many mines do you want on the field? > > 1
 |123456789|
-|---------|
1|.........|
2|.........|
3|.........|
4|.........|
5|.........|
6|.........|
7|.........|
8|.........|
9|.........|
-|---------|
Set/unset mines marks or claim a cell as free: > > 2 8 free
 |123456789|
-|---------|
1|/////////|
2|/////////|
3|/////////|
4|/////////|
5|/////////|
6|///////11|
7|///////1.|
8|///////11|
9|/////////|
-|---------|
Congratulations! You found all the mines!
?[1;31m
Start test 14?[0m
How many mines do you want on the field? > > 1
 |123456789|
-|---------|
1|.........|
2|.........|
3|.........|
4|.........|
5|.........|
6|.........|
7|.........|
8|.........|
9|.........|
-|---------|
Set/unset mines marks or claim a cell as free: > > 5 3 mine
 |123456789|
-|---------|
1|.........|
2|.........|
3|....*....|
4|.........|
5|.........|
6|.........|
7|.........|
8|.........|
9|.........|
-|---------|
Set/unset mines marks or claim a cell as free: > > 5 3 mine
 |123456789|
-|---------|
1|.........|
2|.........|
3|.........|
4|.........|
5|.........|
6|.........|
7|.........|
8|.........|
9|.........|
-|---------|
Set/unset mines marks or claim a cell as free: > > 3 5 free
 |123456789|
-|---------|
1|/////////|
2|/////////|
3|/////////|
4|/////////|
5|11///////|
6|.1///////|
7|11///////|
8|/////////|
9|/////////|
-|---------|
Congratulations! You found all the mines!
?[1;31m
Start test 15?[0m
How many mines do you want on the field? > > 1
 |123456789|
-|---------|
1|.........|
2|.........|
3|.........|
4|.........|
5|.........|
6|.........|
7|.........|
8|.........|
9|.........|
-|---------|
Set/unset mines marks or claim a cell as free: > > 7 5 mine
 |123456789|
-|---------|
1|.........|
2|.........|
3|.........|
4|.........|
5|......*..|
6|.........|
7|.........|
8|.........|
9|.........|
-|---------|
Set/unset mines marks or claim a cell as free: > > 7 5 mine
 |123456789|
-|---------|
1|.........|
2|.........|
3|.........|
4|.........|
5|.........|
6|.........|
7|.........|
8|.........|
9|.........|
-|---------|
Set/unset mines marks or claim a cell as free: > > 6 8 free
 |123456789|
-|---------|
1|/////////|
2|/////111/|
3|/////1.1/|
4|/////111/|
5|/////////|
6|/////////|
7|/////////|
8|/////////|
9|/////////|
-|---------|
Congratulations! You found all the mines!
?[1;31m
Start test 16?[0m
How many mines do you want on the field? > > 1
 |123456789|
-|---------|
1|.........|
2|.........|
3|.........|
4|.........|
5|.........|
6|.........|
7|.........|
8|.........|
9|.........|
-|---------|
Set/unset mines marks or claim a cell as free: > > 3 2 mine
 |123456789|
-|---------|
1|.........|
2|..*......|
3|.........|
4|.........|
5|.........|
6|.........|
7|.........|
8|.........|
9|.........|
-|---------|
Set/unset mines marks or claim a cell as free: > > 5 7 free
 |123456789|
-|---------|
1|/////////|
2|/////////|
3|/////////|
4|/////////|
5|/////////|
6|/111/////|
7|/1.1/////|
8|/111/////|
9|/////////|
-|---------|
Congratulations! You found all the mines!
?[1;31m
Start test 17?[0m
How many mines do you want on the field? > > 1
 |123456789|
-|---------|
1|.........|
2|.........|
3|.........|
4|.........|
5|.........|
6|.........|
7|.........|
8|.........|
9|.........|
-|---------|
Set/unset mines marks or claim a cell as free: > > 4 1 mine
 |123456789|
-|---------|
1|...*.....|
2|.........|
3|.........|
4|.........|
5|.........|
6|.........|
7|.........|
8|.........|
9|.........|
-|---------|
Set/unset mines marks or claim a cell as free: > > 2 4 mine
 |123456789|
-|---------|
1|...*.....|
2|.........|
3|.........|
4|.*.......|
5|.........|
6|.........|
7|.........|
8|.........|
9|.........|
-|---------|
Set/unset mines marks or claim a cell as free: > > 5 1 free
 |123456789|
-|---------|
1|/////////|
2|///111///|
3|///1.1///|
4|///111///|
5|/////////|
6|/////////|
7|/////////|
8|/////////|
9|/////////|
-|---------|
Congratulations! You found all the mines!
?[1;31m
Start test 18?[0m
How many mines do you want on the field? > > 1
 |123456789|
-|---------|
1|.........|
2|.........|
3|.........|
4|.........|
5|.........|
6|.........|
7|.........|
8|.........|
9|.........|
-|---------|
Set/unset mines marks or claim a cell as free: > > 9 6 free
 |123456789|
-|---------|
1|//1.1////|
2|//111////|
3|/////////|
4|/////////|
5|/////////|
6|/////////|
7|/////////|
8|/////////|
9|/////////|
-|---------|
Congratulations! You found all the mines!
?[1;31m
Start test 19?[0m
How many mines do you want on the field? > > 1
 |123456789|
-|---------|
1|.........|
2|.........|
3|.........|
4|.........|
5|.........|
6|.........|
7|.........|
8|.........|
9|.........|
-|---------|
Set/unset mines marks or claim a cell as free: > > 7 6 free
 |123456789|
-|---------|
1|/////////|
2|/////////|
3|/////////|
4|/////////|
5|/////////|
6|/////////|
7|//111////|
8|//1.1////|
9|//1.1////|
-|---------|
Set/unset mines marks or claim a cell as free: > > 4 8 mine
 |123456789|
-|---------|
1|/////////|
2|/////////|
3|/////////|
4|/////////|
5|/////////|
6|/////////|
7|//111////|
8|//1*1////|
9|//1.1////|
-|---------|
Congratulations! You found all the mines!
?[1;31m
Start test 20?[0m
How many mines do you want on the field? > > 1
 |123456789|
-|---------|
1|.........|
2|.........|
3|.........|
4|.........|
5|.........|
6|.........|
7|.........|
8|.........|
9|.........|
-|---------|
Set/unset mines marks or claim a cell as free: > > 1 8 free
 |123456789|
-|---------|
1|/////////|
2|/////////|
3|/////////|
4|/////////|
5|////111//|
6|////1.1//|
7|////111//|
8|/////////|
9|/////////|
-|---------|
Congratulations! You found all the mines!
?[1;31m
Start test 21?[0m
How many mines do you want on the field? > > 2
 |123456789|
-|---------|
1|.........|
2|.........|
3|.........|
4|.........|
5|.........|
6|.........|
7|.........|
8|.........|
9|.........|
-|---------|
Set/unset mines marks or claim a cell as free: > > 5 4 free
 |123456789|
-|---------|
1|.........|
2|.........|
3|.........|
4|....1....|
5|.........|
6|.........|
7|.........|
8|.........|
9|.........|
-|---------|
Set/unset mines marks or claim a cell as free: > > 5 9 free
 |123456789|
-|---------|
1|.........|
2|.........|
3|.........|
4|....1....|
5|.........|
6|.........|
7|.........|
8|.........|
9|....1....|
-|---------|
Set/unset mines marks or claim a cell as free: > > 4 4 free
 |123456789|
-|---------|
1|.........|
2|.........|
3|.........|
4|...11....|
5|.........|
6|.........|
7|.........|
8|.........|
9|....1....|
-|---------|
Set/unset mines marks or claim a cell as free: > > 2 2 mine
 |123456789|
-|---------|
1|.........|
2|.*.......|
3|.........|
4|...11....|
5|.........|
6|.........|
7|.........|
8|.........|
9|....1....|
-|---------|
Set/unset mines marks or claim a cell as free: > > 7 8 free
 |123456789|
-|---------|
1|/////////|
2|///111///|
3|///1.1///|
4|///111///|
5|/////////|
6|/////////|
7|/////////|
8|//111////|
9|//1.1////|
-|---------|
Congratulations! You found all the mines!
?[1;31m
Start test 22?[0m
How many mines do you want on the field? > > 2
 |123456789|
-|---------|
1|.........|
2|.........|
3|.........|
4|.........|
5|.........|
6|.........|
7|.........|
8|.........|
9|.........|
-|---------|
Set/unset mines marks or claim a cell as free: > > 1 9 mine
 |123456789|
-|---------|
1|.........|
2|.........|
3|.........|
4|.........|
5|.........|
6|.........|
7|.........|
8|.........|
9|*........|
-|---------|
Set/unset mines marks or claim a cell as free: > > 1 9 mine
 |123456789|
-|---------|
1|.........|
2|.........|
3|.........|
4|.........|
5|.........|
6|.........|
7|.........|
8|.........|
9|.........|
-|---------|
Set/unset mines marks or claim a cell as free: > > 2 8 free
 |123456789|
-|---------|
1|....1////|
2|....1////|
3|.1111////|
4|11///////|
5|/////////|
6|/////////|
7|/////////|
8|/////////|
9|/////////|
-|---------|
Set/unset mines marks or claim a cell as free: > > 3 2 free
 |123456789|
-|---------|
1|....1////|
2|..1.1////|
3|.1111////|
4|11///////|
5|/////////|
6|/////////|
7|/////////|
8|/////////|
9|/////////|
-|---------|
Set/unset mines marks or claim a cell as free: > > 2 1 mine
 |123456789|
-|---------|
1|.*..1////|
2|..1.1////|
3|.1111////|
4|11///////|
5|/////////|
6|/////////|
7|/////////|
8|/////////|
9|/////////|
-|---------|
Set/unset mines marks or claim a cell as free: > > 3 1 mine
 |123456789|
-|---------|
1|.**.1////|
2|..1.1////|
3|.1111////|
4|11///////|
5|/////////|
6|/////////|
7|/////////|
8|/////////|
9|/////////|
-|---------|
Set/unset mines marks or claim a cell as free: > > 4 1 mine
 |123456789|
-|---------|
1|.***1////|
2|..1.1////|
3|.1111////|
4|11///////|
5|/////////|
6|/////////|
7|/////////|
8|/////////|
9|/////////|
-|---------|
Set/unset mines marks or claim a cell as free: > > 4 1 mine
 |123456789|
-|---------|
1|.**.1////|
2|..1.1////|
3|.1111////|
4|11///////|
5|/////////|
6|/////////|
7|/////////|
8|/////////|
9|/////////|
-|---------|
Set/unset mines marks or claim a cell as free: > > 1 2 free
 |123456789|
-|---------|
1|.**.1////|
2|1.1.1////|
3|.1111////|
4|11///////|
5|/////////|
6|/////////|
7|/////////|
8|/////////|
9|/////////|
-|---------|
Set/unset mines marks or claim a cell as free: > > 2 1 mine
 |123456789|
-|---------|
1|..*.1////|
2|1.1.1////|
3|.1111////|
4|11///////|
5|/////////|
6|/////////|
7|/////////|
8|/////////|
9|/////////|
-|---------|
Set/unset mines marks or claim a cell as free: > > 3 1 mine
 |123456789|
-|---------|
1|....1////|
2|1.1.1////|
3|.1111////|
4|11///////|
5|/////////|
6|/////////|
7|/////////|
8|/////////|
9|/////////|
-|---------|
Set/unset mines marks or claim a cell as free: > > 4 1 free
 |123456789|
-|---------|
1|...11////|
2|1.1.1////|
3|.1111////|
4|11///////|
5|/////////|
6|/////////|
7|/////////|
8|/////////|
9|/////////|
-|---------|
Set/unset mines marks or claim a cell as free: > > 2 1 mine
 |123456789|
-|---------|
1|.*.11////|
2|1.1.1////|
3|.1111////|
4|11///////|
5|/////////|
6|/////////|
7|/////////|
8|/////////|
9|/////////|
-|---------|
Set/unset mines marks or claim a cell as free: > > 4 2 mine
 |123456789|
-|---------|
1|.*.11////|
2|1.1*1////|
3|.1111////|
4|11///////|
5|/////////|
6|/////////|
7|/////////|
8|/////////|
9|/////////|
-|---------|
Set/unset mines marks or claim a cell as free: > > 3 1 mine
 |123456789|
-|---------|
1|.**11////|
2|1.1*1////|
3|.1111////|
4|11///////|
5|/////////|
6|/////////|
7|/////////|
8|/////////|
9|/////////|
-|---------|
Set/unset mines marks or claim a cell as free: > > 1 1 mine
 |123456789|
-|---------|
1|***11////|
2|1.1*1////|
3|.1111////|
4|11///////|
5|/////////|
6|/////////|
7|/////////|
8|/////////|
9|/////////|
-|---------|
Set/unset mines marks or claim a cell as free: > > 2 2 mine
 |123456789|
-|---------|
1|***11////|
2|1*1*1////|
3|.1111////|
4|11///////|
5|/////////|
6|/////////|
7|/////////|
8|/////////|
9|/////////|
-|---------|
Set/unset mines marks or claim a cell as free: > > 1 3 free
 |123456789|
-|---------|
1|***11////|
2|1*1*1////|
3|X1111////|
4|11///////|
5|/////////|
6|/////////|
7|/////////|
8|/////////|
9|/////////|
-|---------|
You stepped on a mine and failed!
?[1;31m
Start test 23?[0m
How many mines do you want on the field? > > 2
 |123456789|
-|---------|
1|.........|
2|.........|
3|.........|
4|.........|
5|.........|
6|.........|
7|.........|
8|.........|
9|.........|
-|---------|
Set/unset mines marks or claim a cell as free: > > 3 8 mine
 |123456789|
-|---------|
1|.........|
2|.........|
3|.........|
4|.........|
5|.........|
6|.........|
7|.........|
8|..*......|
9|.........|
-|---------|
Set/unset mines marks or claim a cell as free: > > 3 8 mine
 |123456789|
-|---------|
1|.........|
2|.........|
3|.........|
4|.........|
5|.........|
6|.........|
7|.........|
8|.........|
9|.........|
-|---------|
Set/unset mines marks or claim a cell as free: > > 4 5 free
 |123456789|
-|---------|
1|/////////|
2|/////////|
3|/////////|
4|////111//|
5|////1.1//|
6|////111//|
7|///////11|
8|///////1.|
9|///////1.|
-|---------|
Set/unset mines marks or claim a cell as free: > > 6 5 free
 |123456789|
-|---------|
1|/////////|
2|/////////|
3|/////////|
4|////111//|
5|////1X1//|
6|////111//|
7|///////11|
8|///////1.|
9|///////1.|
-|---------|
You stepped on a mine and failed!
?[1;31m
Start test 24?[0m
How many mines do you want on the field? > > 2
 |123456789|
-|---------|
1|.........|
2|.........|
3|.........|
4|.........|
5|.........|
6|.........|
7|.........|
8|.........|
9|.........|
-|---------|
Set/unset mines marks or claim a cell as free: > > 5 1 free
 |123456789|
-|---------|
1|.1///////|
2|.1////111|
3|11////1..|
4|//////111|
5|/////////|
6|/////////|
7|/////////|
8|/////////|
9|/////////|
-|---------|
Set/unset mines marks or claim a cell as free: > > 1 2 free
 |123456789|
-|---------|
1|.1///////|
2|X1////111|
3|11////1..|
4|//////111|
5|/////////|
6|/////////|
7|/////////|
8|/////////|
9|/////////|
-|---------|
You stepped on a mine and failed!
?[1;31m
Start test 25?[0m
How many mines do you want on the field? > > 2
 |123456789|
-|---------|
1|.........|
2|.........|
3|.........|
4|.........|
5|.........|
6|.........|
7|.........|
8|.........|
9|.........|
-|---------|
Set/unset mines marks or claim a cell as free: > > 7 3 free
 |123456789|
-|---------|
1|.........|
2|.........|
3|......1..|
4|.........|
5|.........|
6|.........|
7|.........|
8|.........|
9|.........|
-|---------|
Set/unset mines marks or claim a cell as free: > > 5 8 free
 |123456789|
-|---------|
1|/////1...|
2|/////1.21|
3|/////111/|
4|/////////|
5|/////////|
6|/////////|
7|/////////|
8|/////////|
9|/////////|
-|---------|
Set/unset mines marks or claim a cell as free: > > 9 1 free
 |123456789|
-|---------|
1|/////1..1|
2|/////1.21|
3|/////111/|
4|/////////|
5|/////////|
6|/////////|
7|/////////|
8|/////////|
9|/////////|
-|---------|
Set/unset mines marks or claim a cell as free: > > 7 1 free
 |123456789|
-|---------|
1|/////12.1|
2|/////1.21|
3|/////111/|
4|/////////|
5|/////////|
6|/////////|
7|/////////|
8|/////////|
9|/////////|
-|---------|
Congratulations! You found all the mines!
?[1;31m
Start test 26?[0m
How many mines do you want on the field? > > 2
 |123456789|
-|---------|
1|.........|
2|.........|
3|.........|
4|.........|
5|.........|
6|.........|
7|.........|
8|.........|
9|.........|
-|---------|
Set/unset mines marks or claim a cell as free: > > 1 1 free
 |123456789|
-|---------|
1|/////////|
2|///111///|
3|///1.1///|
4|///2.2///|
5|///1.1///|
6|///111///|
7|/////////|
8|/////////|
9|/////////|
-|---------|
Set/unset mines marks or claim a cell as free: > > 5 3 free
 |123456789|
-|---------|
1|/////////|
2|///111///|
3|///1X1///|
4|///2.2///|
5|///1.1///|
6|///111///|
7|/////////|
8|/////////|
9|/////////|
-|---------|
You stepped on a mine and failed!
?[1;31m
Start test 27?[0m
How many mines do you want on the field? > > 2
 |123456789|
-|---------|
1|.........|
2|.........|
3|.........|
4|.........|
5|.........|
6|.........|
7|.........|
8|.........|
9|.........|
-|---------|
Set/unset mines marks or claim a cell as free: > > 2 3 free
 |123456789|
-|---------|
1|.........|
2|.........|
3|.1.......|
4|.........|
5|.........|
6|.........|
7|.........|
8|.........|
9|.........|
-|---------|
Set/unset mines marks or claim a cell as free: > > 9 1 free
 |123456789|
-|---------|
1|........1|
2|.........|
3|.1.......|
4|.........|
5|.........|
6|.........|
7|.........|
8|.........|
9|.........|
-|---------|
Set/unset mines marks or claim a cell as free: > > 3 9 free
 |123456789|
-|---------|
1|///////11|
2|11/////1.|
3|.1/////11|
4|11///////|
5|/////////|
6|/////////|
7|/////////|
8|/////////|
9|/////////|
-|---------|
Congratulations! You found all the mines!
?[1;31m
Start test 28?[0m
How many mines do you want on the field? > > 2
 |123456789|
-|---------|
1|.........|
2|.........|
3|.........|
4|.........|
5|.........|
6|.........|
7|.........|
8|.........|
9|.........|
-|---------|
Set/unset mines marks or claim a cell as free: > > 1 5 free
 |123456789|
-|---------|
1|/////////|
2|/////////|
3|////111//|
4|////1.1//|
5|//11211//|
6|//1.1////|
7|//111////|
8|/////////|
9|/////////|
-|---------|
Congratulations! You found all the mines!
?[1;31m
Start test 29?[0m
How many mines do you want on the field? > > 2
 |123456789|
-|---------|
1|.........|
2|.........|
3|.........|
4|.........|
5|.........|
6|.........|
7|.........|
8|.........|
9|.........|
-|---------|
Set/unset mines marks or claim a cell as free: > > 6 6 free
 |123456789|
-|---------|
1|/1.1//1..|
2|/1.1//111|
3|/111/////|
4|/////////|
5|/////////|
6|/////////|
7|/////////|
8|/////////|
9|/////////|
-|---------|
Set/unset mines marks or claim a cell as free: > > 8 1 free
 |123456789|
-|---------|
1|/1.1//1X.|
2|/1.1//111|
3|/111/////|
4|/////////|
5|/////////|
6|/////////|
7|/////////|
8|/////////|
9|/////////|
-|---------|
You stepped on a mine and failed!
?[1;31m
Start test 30?[0m
How many mines do you want on the field? > > 2
 |123456789|
-|---------|
1|.........|
2|.........|
3|.........|
4|.........|
5|.........|
6|.........|
7|.........|
8|.........|
9|.........|
-|---------|
Set/unset mines marks or claim a cell as free: > > 8 4 free
 |123456789|
-|---------|
1|.........|
2|.........|
3|.........|
4|.......1.|
5|.........|
6|.........|
7|.........|
8|.........|
9|.........|
-|---------|
Set/unset mines marks or claim a cell as free: > > 6 5 free
 |123456789|
-|---------|
1|.........|
2|.........|
3|.........|
4|.......1.|
5|.....1...|
6|.........|
7|.........|
8|.........|
9|.........|
-|---------|
Set/unset mines marks or claim a cell as free: > > 2 5 free
 |123456789|
-|---------|
1|/////////|
2|/////////|
3|/////////|
4|/////111/|
5|/////1.1/|
6|/////111/|
7|///111///|
8|///1.1///|
9|///1.1///|
-|---------|
Set/unset mines marks or claim a cell as free: > > 7 5 mine
 |123456789|
-|---------|
1|/////////|
2|/////////|
3|/////////|
4|/////111/|
5|/////1*1/|
6|/////111/|
7|///111///|
8|///1.1///|
9|///1.1///|
-|---------|
Set/unset mines marks or claim a cell as free: > > 5 8 free
 |123456789|
-|---------|
1|/////////|
2|/////////|
3|/////////|
4|/////111/|
5|/////1*1/|
6|/////111/|
7|///111///|
8|///1X1///|
9|///1.1///|
-|---------|
You stepped on a mine and failed!
?[1;31m
Start test 31?[0m
How many mines do you want on the field? > > 2
 |123456789|
-|---------|
1|.........|
2|.........|
3|.........|
4|.........|
5|.........|
6|.........|
7|.........|
8|.........|
9|.........|
-|---------|
Set/unset mines marks or claim a cell as free: > > 7 7 free
 |123456789|
-|---------|
1|.........|
2|.........|
3|.........|
4|.........|
5|.........|
6|.........|
7|......1..|
8|.........|
9|.........|
-|---------|
Set/unset mines marks or claim a cell as free: > > 6 7 mine
 |123456789|
-|---------|
1|.........|
2|.........|
3|.........|
4|.........|
5|.........|
6|.........|
7|.....*1..|
8|.........|
9|.........|
-|---------|
Set/unset mines marks or claim a cell as free: > > 1 2 free
 |123456789|
-|---------|
1|/////1.1/|
2|/////111/|
3|/////////|
4|/////////|
5|/////////|
6|/////////|
7|//////111|
8|//////1..|
9|//////1..|
-|---------|
Set/unset mines marks or claim a cell as free: > > 9 9 mine
 |123456789|
-|---------|
1|/////1.1/|
2|/////111/|
3|/////////|
4|/////////|
5|/////////|
6|/////////|
7|//////111|
8|//////1..|
9|//////1.*|
-|---------|
Set/unset mines marks or claim a cell as free: > > 7 1 free
 |123456789|
-|---------|
1|/////1X1/|
2|/////111/|
3|/////////|
4|/////////|
5|/////////|
6|/////////|
7|//////111|
8|//////1..|
9|//////1.*|
-|---------|
You stepped on a mine and failed!
?[1;31m
Start test 32?[0m
How many mines do you want on the field? > > 2
 |123456789|
-|---------|
1|.........|
2|.........|
3|.........|
4|.........|
5|.........|
6|.........|
7|.........|
8|.........|
9|.........|
-|---------|
Set/unset mines marks or claim a cell as free: > > 9 1 free
 |123456789|
-|---------|
1|/////////|
2|/////////|
3|//111////|
4|//1.1////|
5|//111////|
6|///////11|
7|///////1.|
8|///////11|
9|/////////|
-|---------|
Congratulations! You found all the mines!
?[1;31m
Start test 33?[0m
How many mines do you want on the field? > > 2
 |123456789|
-|---------|
1|.........|
2|.........|
3|.........|
4|.........|
5|.........|
6|.........|
7|.........|
8|.........|
9|.........|
-|---------|
Set/unset mines marks or claim a cell as free: > > 2 7 free
 |123456789|
-|---------|
1|....1////|
2|111.1////|
3|//111////|
4|/////////|
5|/////////|
6|/////////|
7|/////////|
8|/////////|
9|/////////|
-|---------|
Set/unset mines marks or claim a cell as free: > > 3 1 mine
 |123456789|
-|---------|
1|..*.1////|
2|111.1////|
3|//111////|
4|/////////|
5|/////////|
6|/////////|
7|/////////|
8|/////////|
9|/////////|
-|---------|
Set/unset mines marks or claim a cell as free: > > 4 1 free
 |123456789|
-|---------|
1|..*11////|
2|111.1////|
3|//111////|
4|/////////|
5|/////////|
6|/////////|
7|/////////|
8|/////////|
9|/////////|
-|---------|
Set/unset mines marks or claim a cell as free: > > 2 1 free
 |123456789|
-|---------|
1|.1*11////|
2|111.1////|
3|//111////|
4|/////////|
5|/////////|
6|/////////|
7|/////////|
8|/////////|
9|/////////|
-|---------|
Set/unset mines marks or claim a cell as free: > > 1 1 free
 |123456789|
-|---------|
1|X1*11////|
2|111.1////|
3|//111////|
4|/////////|
5|/////////|
6|/////////|
7|/////////|
8|/////////|
9|/////////|
-|---------|
You stepped on a mine and failed!
?[1;31m
Start test 34?[0m
How many mines do you want on the field? > > 2
 |123456789|
-|---------|
1|.........|
2|.........|
3|.........|
4|.........|
5|.........|
6|.........|
7|.........|
8|.........|
9|.........|
-|---------|
Set/unset mines marks or claim a cell as free: > > 1 6 free
 |123456789|
-|---------|
1|.........|
2|.........|
3|.........|
4|.........|
5|.........|
6|1........|
7|.........|
8|.........|
9|.........|
-|---------|
Set/unset mines marks or claim a cell as free: > > 8 3 free
 |123456789|
-|---------|
1|/////////|
2|/////////|
3|///111///|
4|11/1.1///|
5|.1/111///|
6|11///////|
7|/////////|
8|/////////|
9|/////////|
-|---------|
Congratulations! You found all the mines!
?[1;31m
Start test 35?[0m
How many mines do you want on the field? > > 2
 |123456789|
-|---------|
1|.........|
2|.........|
3|.........|
4|.........|
5|.........|
6|.........|
7|.........|
8|.........|
9|.........|
-|---------|
Set/unset mines marks or claim a cell as free: > > 2 6 free
 |123456789|
-|---------|
1|.........|
2|.........|
3|.........|
4|.........|
5|.........|
6|.1.......|
7|.........|
8|.........|
9|.........|
-|---------|
Set/unset mines marks or claim a cell as free: > > 9 9 mine
 |123456789|
-|---------|
1|.........|
2|.........|
3|.........|
4|.........|
5|.........|
6|.1.......|
7|.........|
8|.........|
9|........*|
-|---------|
Set/unset mines marks or claim a cell as free: > > 1 4 free
 |123456789|
-|---------|
1|/////////|
2|/////////|
3|/////////|
4|/////////|
5|/////////|
6|111//////|
7|..1//////|
8|..21/////|
9|...1/////|
-|---------|
Set/unset mines marks or claim a cell as free: > > 1 7 free
 |123456789|
-|---------|
1|/////////|
2|/////////|
3|/////////|
4|/////////|
5|/////////|
6|111//////|
7|1.1//////|
8|..21/////|
9|...1/////|
-|---------|
Set/unset mines marks or claim a cell as free: > > 1 8 mine
 |123456789|
-|---------|
1|/////////|
2|/////////|
3|/////////|
4|/////////|
5|/////////|
6|111//////|
7|1.1//////|
8|*.21/////|
9|...1/////|
-|---------|
Set/unset mines marks or claim a cell as free: > > 2 8 mine
 |123456789|
-|---------|
1|/////////|
2|/////////|
3|/////////|
4|/////////|
5|/////////|
6|111//////|
7|1.1//////|
8|**21/////|
9|...1/////|
-|---------|
Set/unset mines marks or claim a cell as free: > > 2 9 mine
 |123456789|
-|---------|
1|/////////|
2|/////////|
3|/////////|
4|/////////|
5|/////////|
6|111//////|
7|1.1//////|
8|**21/////|
9|.*.1/////|
-|---------|
Set/unset mines marks or claim a cell as free: > > 1 9 free
 |123456789|
-|---------|
1|/////////|
2|/////////|
3|/////////|
4|/////////|
5|/////////|
6|111//////|
7|1.1//////|
8|1221/////|
9|/1.1/////|
-|---------|
Congratulations! You found all the mines!
?[1;31m
Start test 36?[0m
How many mines do you want on the field? > > 2
 |123456789|
-|---------|
1|.........|
2|.........|
3|.........|
4|.........|
5|.........|
6|.........|
7|.........|
8|.........|
9|.........|
-|---------|
Set/unset mines marks or claim a cell as free: > > 9 8 mine
 |123456789|
-|---------|
1|.........|
2|.........|
3|.........|
4|.........|
5|.........|
6|.........|
7|.........|
8|........*|
9|.........|
-|---------|
Set/unset mines marks or claim a cell as free: > > 9 8 mine
 |123456789|
-|---------|
1|.........|
2|.........|
3|.........|
4|.........|
5|.........|
6|.........|
7|.........|
8|.........|
9|.........|
-|---------|
Set/unset mines marks or claim a cell as free: > > 3 8 free
 |123456789|
-|---------|
1|/////////|
2|/////////|
3|////111//|
4|////1.1//|
5|////111//|
6|///111///|
7|///1.1///|
8|///111///|
9|/////////|
-|---------|
Congratulations! You found all the mines!
?[1;31m
Start test 37?[0m
How many mines do you want on the field? > > 2
 |123456789|
-|---------|
1|.........|
2|.........|
3|.........|
4|.........|
5|.........|
6|.........|
7|.........|
8|.........|
9|.........|
-|---------|
Set/unset mines marks or claim a cell as free: > > 1 5 mine
 |123456789|
-|---------|
1|.........|
2|.........|
3|.........|
4|.........|
5|*........|
6|.........|
7|.........|
8|.........|
9|.........|
-|---------|
Set/unset mines marks or claim a cell as free: > > 6 2 free
 |123456789|
-|---------|
1|/////////|
2|/////////|
3|/////////|
4|/111/////|
5|/1.1/////|
6|/11211///|
7|///1.1///|
8|///111///|
9|/////////|
-|---------|
Congratulations! You found all the mines!
?[1;31m
Start test 38?[0m
How many mines do you want on the field? > > 2
 |123456789|
-|---------|
1|.........|
2|.........|
3|.........|
4|.........|
5|.........|
6|.........|
7|.........|
8|.........|
9|.........|
-|---------|
Set/unset mines marks or claim a cell as free: > > 5 9 mine
 |123456789|
-|---------|
1|.........|
2|.........|
3|.........|
4|.........|
5|.........|
6|.........|
7|.........|
8|.........|
9|....*....|
-|---------|
Set/unset mines marks or claim a cell as free: > > 8 8 free
 |123456789|
-|---------|
1|.........|
2|.........|
3|.........|
4|.........|
5|.........|
6|.........|
7|.........|
8|.......1.|
9|....*....|
-|---------|
Set/unset mines marks or claim a cell as free: > > 9 7 mine
 |123456789|
-|---------|
1|.........|
2|.........|
3|.........|
4|.........|
5|.........|
6|.........|
7|........*|
8|.......1.|
9|....*....|
-|---------|
Set/unset mines marks or claim a cell as free: > > 6 8 free
 |123456789|
-|---------|
1|/////////|
2|/////////|
3|11///////|
4|.1///////|
5|11///////|
6|/////////|
7|///////11|
8|///////1.|
9|///////1.|
-|---------|
Set/unset mines marks or claim a cell as free: > > 9 9 free
 |123456789|
-|---------|
1|/////////|
2|/////////|
3|11///////|
4|.1///////|
5|11///////|
6|/////////|
7|///////11|
8|///////1.|
9|///////11|
-|---------|
Congratulations! You found all the mines!
?[1;31m
Start test 39?[0m
How many mines do you want on the field? > > 2
 |123456789|
-|---------|
1|.........|
2|.........|
3|.........|
4|.........|
5|.........|
6|.........|
7|.........|
8|.........|
9|.........|
-|---------|
Set/unset mines marks or claim a cell as free: > > 9 9 free
 |123456789|
-|---------|
1|..1//////|
2|111//////|
3|/////////|
4|/////////|
5|/////////|
6|/////111/|
7|/////1.1/|
8|/////111/|
9|/////////|
-|---------|
Set/unset mines marks or claim a cell as free: > > 7 7 free
 |123456789|
-|---------|
1|..1//////|
2|111//////|
3|/////////|
4|/////////|
5|/////////|
6|/////111/|
7|/////1X1/|
8|/////111/|
9|/////////|
-|---------|
You stepped on a mine and failed!
?[1;31m
Start test 40?[0m
How many mines do you want on the field? > > 2
 |123456789|
-|---------|
1|.........|
2|.........|
3|.........|
4|.........|
5|.........|
6|.........|
7|.........|
8|.........|
9|.........|
-|---------|
Set/unset mines marks or claim a cell as free: > > 6 1 free
 |123456789|
-|---------|
1|/////////|
2|11///////|
3|.1///////|
4|11///////|
5|/111/////|
6|/1.1/////|
7|/111/////|
8|/////////|
9|/////////|
-|---------|
Congratulations! You found all the mines!
?[1;31m
Start test 41?[0m
How many mines do you want on the field? > > 3
 |123456789|
-|---------|
1|.........|
2|.........|
3|.........|
4|.........|
5|.........|
6|.........|
7|.........|
8|.........|
9|.........|
-|---------|
Set/unset mines marks or claim a cell as free: > > 1 7 free
 |123456789|
-|---------|
1|//1.1//1.|
2|//111//1.|
3|//////12.|
4|//////1..|
5|//////111|
6|/////////|
7|/////////|
8|/////////|
9|/////////|
-|---------|
Set/unset mines marks or claim a cell as free: > > 9 3 free
 |123456789|
-|---------|
1|//1.1//1.|
2|//111//1.|
3|//////122|
4|//////1..|
5|//////111|
6|/////////|
7|/////////|
8|/////////|
9|/////////|
-|---------|
Set/unset mines marks or claim a cell as free: > > 9 4 free
 |123456789|
-|---------|
1|//1.1//1.|
2|//111//1.|
3|//////122|
4|//////1.1|
5|//////111|
6|/////////|
7|/////////|
8|/////////|
9|/////////|
-|---------|
Set/unset mines marks or claim a cell as free: > > 9 2 free
 |123456789|
-|---------|
1|//1.1//1.|
2|//111//1X|
3|//////122|
4|//////1.1|
5|//////111|
6|/////////|
7|/////////|
8|/////////|
9|/////////|
-|---------|
You stepped on a mine and failed!
?[1;31m
Start test 42?[0m
How many mines do you want on the field? > > 3
 |123456789|
-|---------|
1|.........|
2|.........|
3|.........|
4|.........|
5|.........|
6|.........|
7|.........|
8|.........|
9|.........|
-|---------|
Set/unset mines marks or claim a cell as free: > > 2 2 free
 |123456789|
-|---------|
1|///1.1///|
2|///111///|
3|/////////|
4|/111/////|
5|/1.1/////|
6|/11211///|
7|///1.1///|
8|///111///|
9|/////////|
-|---------|
Congratulations! You found all the mines!
?[1;31m
Start test 43?[0m
How many mines do you want on the field? > > 3
 |123456789|
-|---------|
1|.........|
2|.........|
3|.........|
4|.........|
5|.........|
6|.........|
7|.........|
8|.........|
9|.........|
-|---------|
Set/unset mines marks or claim a cell as free: > > 7 3 free
 |123456789|
-|---------|
1|///1.1///|
2|///111///|
3|/////////|
4|//111////|
5|//1.1/111|
6|//111/1..|
7|//////111|
8|/////////|
9|/////////|
-|---------|
Set/unset mines marks or claim a cell as free: > > 5 1 free
 |123456789|
-|---------|
1|///1X1///|
2|///111///|
3|/////////|
4|//111////|
5|//1.1/111|
6|//111/1..|
7|//////111|
8|/////////|
9|/////////|
-|---------|
You stepped on a mine and failed!
?[1;31m
Start test 44?[0m
How many mines do you want on the field? > > 3
 |123456789|
-|---------|
1|.........|
2|.........|
3|.........|
4|.........|
5|.........|
6|.........|
7|.........|
8|.........|
9|.........|
-|---------|
Set/unset mines marks or claim a cell as free: > > 5 9 free
 |123456789|
-|---------|
1|..1//////|
2|..1//////|
3|111//////|
4|/////////|
5|/////////|
6|/////////|
7|/111//111|
8|/1.1//1..|
9|/1.1//1..|
-|---------|
Set/unset mines marks or claim a cell as free: > > 8 8 free
 |123456789|
-|---------|
1|..1//////|
2|..1//////|
3|111//////|
4|/////////|
5|/////////|
6|/////////|
7|/111//111|
8|/1.1//1X.|
9|/1.1//1..|
-|---------|
You stepped on a mine and failed!
?[1;31m
Start test 45?[0m
How many mines do you want on the field? > > 3
 |123456789|
-|---------|
1|.........|
2|.........|
3|.........|
4|.........|
5|.........|
6|.........|
7|.........|
8|.........|
9|.........|
-|---------|
Set/unset mines marks or claim a cell as free: > > 2 8 mine
 |123456789|
-|---------|
1|.........|
2|.........|
3|.........|
4|.........|
5|.........|
6|.........|
7|.........|
8|.*.......|
9|.........|
-|---------|
Set/unset mines marks or claim a cell as free: > > 8 9 free
 |123456789|
-|---------|
1|.........|
2|.........|
3|.........|
4|.........|
5|.........|
6|.........|
7|.........|
8|.*.......|
9|.......1.|
-|---------|
Set/unset mines marks or claim a cell as free: > > 4 8 free
 |123456789|
-|---------|
1|/1.1/////|
2|/1.1/////|
3|/11211///|
4|///1.1///|
5|///111///|
6|/////////|
7|/////////|
8|/////111/|
9|/////1.1/|
-|---------|
Set/unset mines marks or claim a cell as free: > > 5 4 mine
 |123456789|
-|---------|
1|/1.1/////|
2|/1.1/////|
3|/11211///|
4|///1*1///|
5|///111///|
6|/////////|
7|/////////|
8|/////111/|
9|/////1.1/|
-|---------|
Set/unset mines marks or claim a cell as free: > > 7 9 free
 |123456789|
-|---------|
1|/1.1/////|
2|/1.1/////|
3|/11211///|
4|///1*1///|
5|///111///|
6|/////////|
7|/////////|
8|/////111/|
9|/////1X1/|
-|---------|
You stepped on a mine and failed!
?[1;31m
Start test 46?[0m
How many mines do you want on the field? > > 3
 |123456789|
-|---------|
1|.........|
2|.........|
3|.........|
4|.........|
5|.........|
6|.........|
7|.........|
8|.........|
9|.........|
-|---------|
Set/unset mines marks or claim a cell as free: > > 2 2 free
 |123456789|
-|---------|
1|/////////|
2|/////////|
3|///111///|
4|///1.1///|
5|///111///|
6|/////////|
7|//111////|
8|//1.1111/|
9|//1....1/|
-|---------|
Set/unset mines marks or claim a cell as free: > > 5 4 free
 |123456789|
-|---------|
1|/////////|
2|/////////|
3|///111///|
4|///1X1///|
5|///111///|
6|/////////|
7|//111////|
8|//1.1111/|
9|//1....1/|
-|---------|
You stepped on a mine and failed!
?[1;31m
Start test 47?[0m
How many mines do you want on the field? > > 3
 |123456789|
-|---------|
1|.........|
2|.........|
3|.........|
4|.........|
5|.........|
6|.........|
7|.........|
8|.........|
9|.........|
-|---------|
Set/unset mines marks or claim a cell as free: > > 5 3 free
 |123456789|
-|---------|
1|.........|
2|.........|
3|....1....|
4|.........|
5|.........|
6|.........|
7|.........|
8|.........|
9|.........|
-|---------|
Set/unset mines marks or claim a cell as free: > > 2 4 mine
 |123456789|
-|---------|
1|.........|
2|.........|
3|....1....|
4|.*.......|
5|.........|
6|.........|
7|.........|
8|.........|
9|.........|
-|---------|
Set/unset mines marks or claim a cell as free: > > 1 7 mine
 |123456789|
-|---------|
1|.........|
2|.........|
3|....1....|
4|.*.......|
5|.........|
6|.........|
7|*........|
8|.........|
9|.........|
-|---------|
Set/unset mines marks or claim a cell as free: > > 9 9 mine
 |123456789|
-|---------|
1|.........|
2|.........|
3|....1....|
4|.*.......|
5|.........|
6|.........|
7|*........|
8|.........|
9|........*|
-|---------|
Set/unset mines marks or claim a cell as free: > > 5 6 free
 |123456789|
-|---------|
1|/////////|
2|/////////|
3|///111///|
4|///1.1///|
5|///111///|
6|/111/////|
7|/1.1/111/|
8|/111/1.1/|
9|/////1.1/|
-|---------|
Set/unset mines marks or claim a cell as free: > > 5 4 free
 |123456789|
-|---------|
1|/////////|
2|/////////|
3|///111///|
4|///1X1///|
5|///111///|
6|/111/////|
7|/1.1/111/|
8|/111/1.1/|
9|/////1.1/|
-|---------|
You stepped on a mine and failed!
?[1;31m
Start test 48?[0m
How many mines do you want on the field? > > 3
 |123456789|
-|---------|
1|.........|
2|.........|
3|.........|
4|.........|
5|.........|
6|.........|
7|.........|
8|.........|
9|.........|
-|---------|
Set/unset mines marks or claim a cell as free: > > 4 2 mine
 |123456789|
-|---------|
1|.........|
2|...*.....|
3|.........|
4|.........|
5|.........|
6|.........|
7|.........|
8|.........|
9|.........|
-|---------|
Set/unset mines marks or claim a cell as free: > > 4 2 mine
 |123456789|
-|---------|
1|.........|
2|.........|
3|.........|
4|.........|
5|.........|
6|.........|
7|.........|
8|.........|
9|.........|
-|---------|
Set/unset mines marks or claim a cell as free: > > 6 4 mine
 |123456789|
-|---------|
1|.........|
2|.........|
3|.........|
4|.....*...|
5|.........|
6|.........|
7|.........|
8|.........|
9|.........|
-|---------|
Set/unset mines marks or claim a cell as free: > > 6 4 mine
 |123456789|
-|---------|
1|.........|
2|.........|
3|.........|
4|.........|
5|.........|
6|.........|
7|.........|
8|.........|
9|.........|
-|---------|
Set/unset mines marks or claim a cell as free: > > 8 4 mine
 |123456789|
-|---------|
1|.........|
2|.........|
3|.........|
4|.......*.|
5|.........|
6|.........|
7|.........|
8|.........|
9|.........|
-|---------|
Set/unset mines marks or claim a cell as free: > > 1 3 free
 |123456789|
-|---------|
1|/////////|
2|///111///|
3|//12.1///|
4|//1.21///|
5|//111////|
6|/////////|
7|11///////|
8|.1///////|
9|.1///////|
-|---------|
Set/unset mines marks or claim a cell as free: > > 1 8 free
 |123456789|
-|---------|
1|/////////|
2|///111///|
3|//12.1///|
4|//1.21///|
5|//111////|
6|/////////|
7|11///////|
8|X1///////|
9|.1///////|
-|---------|
You stepped on a mine and failed!
?[1;31m
Start test 49?[0m
How many mines do you want on the field? > > 3
 |123456789|
-|---------|
1|.........|
2|.........|
3|.........|
4|.........|
5|.........|
6|.........|
7|.........|
8|.........|
9|.........|
-|---------|
Set/unset mines marks or claim a cell as free: > > 5 8 free
 |123456789|
-|---------|
1|/////////|
2|/111/////|
3|/1.1/////|
4|/2.2/////|
5|/1.1/////|
6|/111/////|
7|//////111|
8|//////1..|
9|//////1..|
-|---------|
Set/unset mines marks or claim a cell as free: > > 8 8 free
 |123456789|
-|---------|
1|/////////|
2|/111/////|
3|/1.1/////|
4|/2.2/////|
5|/1.1/////|
6|/111/////|
7|//////111|
8|//////1X.|
9|//////1..|
-|---------|
You stepped on a mine and failed!
?[1;31m
Start test 50?[0m
How many mines do you want on the field? > > 3
 |123456789|
-|---------|
1|.........|
2|.........|
3|.........|
4|.........|
5|.........|
6|.........|
7|.........|
8|.........|
9|.........|
-|---------|
Set/unset mines marks or claim a cell as free: > > 8 8 free
 |123456789|
-|---------|
1|.........|
2|.........|
3|.........|
4|.........|
5|.........|
6|.........|
7|.........|
8|.......1.|
9|.........|
-|---------|
Set/unset mines marks or claim a cell as free: > > 3 3 free
 |123456789|
-|---------|
1|/////////|
2|/////////|
3|/////////|
4|11///////|
5|.1111////|
6|....1////|
7|....1111/|
8|.......1/|
9|.......1/|
-|---------|
Set/unset mines marks or claim a cell as free: > > 7 8 free
 |123456789|
-|---------|
1|/////////|
2|/////////|
3|/////////|
4|11///////|
5|.1111////|
6|....1////|
7|....1111/|
8|......X1/|
9|.......1/|
-|---------|
You stepped on a mine and failed!
?[1;31m
Start test 51?[0m
How many mines do you want on the field? > > 3
 |123456789|
-|---------|
1|.........|
2|.........|
3|.........|
4|.........|
5|.........|
6|.........|
7|.........|
8|.........|
9|.........|
-|---------|
Set/unset mines marks or claim a cell as free: > > 5 9 mine
 |123456789|
-|---------|
1|.........|
2|.........|
3|.........|
4|.........|
5|.........|
6|.........|
7|.........|
8|.........|
9|....*....|
-|---------|
Set/unset mines marks or claim a cell as free: > > 5 5 mine
 |123456789|
-|---------|
1|.........|
2|.........|
3|.........|
4|.........|
5|....*....|
6|.........|
7|.........|
8|.........|
9|....*....|
-|---------|
Set/unset mines marks or claim a cell as free: > > 4 7 free
 |123456789|
-|---------|
1|/////////|
2|/////////|
3|///111///|
4|/112.1111|
5|/1.2111..|
6|/111//111|
7|/////////|
8|/////////|
9|/////////|
-|---------|
Set/unset mines marks or claim a cell as free: > > 3 5 free
 |123456789|
-|---------|
1|/////////|
2|/////////|
3|///111///|
4|/112.1111|
5|/1X2111..|
6|/111//111|
7|/////////|
8|/////////|
9|/////////|
-|---------|
You stepped on a mine and failed!
?[1;31m
Start test 52?[0m
How many mines do you want on the field? > > 3
 |123456789|
-|---------|
1|.........|
2|.........|
3|.........|
4|.........|
5|.........|
6|.........|
7|.........|
8|.........|
9|.........|
-|---------|
Set/unset mines marks or claim a cell as free: > > 8 3 free
 |123456789|
-|---------|
1|.........|
2|.........|
3|.......1.|
4|.........|
5|.........|
6|.........|
7|.........|
8|.........|
9|.........|
-|---------|
Set/unset mines marks or claim a cell as free: > > 7 9 mine
 |123456789|
-|---------|
1|.........|
2|.........|
3|.......1.|
4|.........|
5|.........|
6|.........|
7|.........|
8|.........|
9|......*..|
-|---------|
Set/unset mines marks or claim a cell as free: > > 8 9 free
 |123456789|
-|---------|
1|.1///////|
2|.1///////|
3|11/////11|
4|///////1.|
5|///111/11|
6|///1.1///|
7|///111///|
8|/////////|
9|/////////|
-|---------|
Set/unset mines marks or claim a cell as free: > > 5 6 free
 |123456789|
-|---------|
1|.1///////|
2|.1///////|
3|11/////11|
4|///////1.|
5|///111/11|
6|///1X1///|
7|///111///|
8|/////////|
9|/////////|
-|---------|
You stepped on a mine and failed!
?[1;31m
Start test 53?[0m
How many mines do you want on the field? > > 3
 |123456789|
-|---------|
1|.........|
2|.........|
3|.........|
4|.........|
5|.........|
6|.........|
7|.........|
8|.........|
9|.........|
-|---------|
Set/unset mines marks or claim a cell as free: > > 9 3 mine
 |123456789|
-|---------|
1|.........|
2|.........|
3|........*|
4|.........|
5|.........|
6|.........|
7|.........|
8|.........|
9|.........|
-|---------|
Set/unset mines marks or claim a cell as free: > > 2 6 free
 |123456789|
-|---------|
1|.........|
2|.........|
3|........*|
4|.........|
5|.........|
6|.1.......|
7|.........|
8|.........|
9|.........|
-|---------|
Set/unset mines marks or claim a cell as free: > > 9 3 mine
 |123456789|
-|---------|
1|.........|
2|.........|
3|.........|
4|.........|
5|.........|
6|.1.......|
7|.........|
8|.........|
9|.........|
-|---------|
Set/unset mines marks or claim a cell as free: > > 7 3 free
 |123456789|
-|---------|
1|/////////|
2|/////////|
3|/////////|
4|/111111//|
5|/1....21/|
6|/11112.1/|
7|/////111/|
8|/////////|
9|/////////|
-|---------|
Set/unset mines marks or claim a cell as free: > > 3 5 free
 |123456789|
-|---------|
1|/////////|
2|/////////|
3|/////////|
4|/111111//|
5|/1X...21/|
6|/11112.1/|
7|/////111/|
8|/////////|
9|/////////|
-|---------|
You stepped on a mine and failed!
?[1;31m
Start test 54?[0m
How many mines do you want on the field? > > 3
 |123456789|
-|---------|
1|.........|
2|.........|
3|.........|
4|.........|
5|.........|
6|.........|
7|.........|
8|.........|
9|.........|
-|---------|
Set/unset mines marks or claim a cell as free: > > 7 8 free
 |123456789|
-|---------|
1|//1.1////|
2|//111////|
3|///////11|
4|///////1.|
5|////11111|
6|////1.1//|
7|////111//|
8|/////////|
9|/////////|
-|---------|
Congratulations! You found all the mines!
?[1;31m
Start test 55?[0m
How many mines do you want on the field? > > 3
 |123456789|
-|---------|
1|.........|
2|.........|
3|.........|
4|.........|
5|.........|
6|.........|
7|.........|
8|.........|
9|.........|
-|---------|
Set/unset mines marks or claim a cell as free: > > 5 2 free
 |123456789|
-|---------|
1|/////////|
2|/////////|
3|/////////|
4|/////////|
5|/////////|
6|///111///|
7|/112.1///|
8|/1...1111|
9|/1.......|
-|---------|
Set/unset mines marks or claim a cell as free: > > 4 9 free
 |123456789|
-|---------|
1|/////////|
2|/////////|
3|/////////|
4|/////////|
5|/////////|
6|///111///|
7|/112.1///|
8|/1...1111|
9|/1.1.....|
-|---------|
Set/unset mines marks or claim a cell as free: > > 8 9 mine
 |123456789|
-|---------|
1|/////////|
2|/////////|
3|/////////|
4|/////////|
5|/////////|
6|///111///|
7|/112.1///|
8|/1...1111|
9|/1.1...*.|
-|---------|
Set/unset mines marks or claim a cell as free: > > 4 8 mine
 |123456789|
-|---------|
1|/////////|
2|/////////|
3|/////////|
4|/////////|
5|/////////|
6|///111///|
7|/112.1///|
8|/1.*.1111|
9|/1.1...*.|
-|---------|
Set/unset mines marks or claim a cell as free: > > 8 9 mine
 |123456789|
-|---------|
1|/////////|
2|/////////|
3|/////////|
4|/////////|
5|/////////|
6|///111///|
7|/112.1///|
8|/1.*.1111|
9|/1.1.....|
-|---------|
Set/unset mines marks or claim a cell as free: > > 4 8 mine
 |123456789|
-|---------|
1|/////////|
2|/////////|
3|/////////|
4|/////////|
5|/////////|
6|///111///|
7|/112.1///|
8|/1...1111|
9|/1.1.....|
-|---------|
Set/unset mines marks or claim a cell as free: > > 8 9 mine
 |123456789|
-|---------|
1|/////////|
2|/////////|
3|/////////|
4|/////////|
5|/////////|
6|///111///|
7|/112.1///|
8|/1...1111|
9|/1.1...*.|
-|---------|
Set/unset mines marks or claim a cell as free: > > 9 9 free
 |123456789|
-|---------|
1|/////////|
2|/////////|
3|/////////|
4|/////////|
5|/////////|
6|///111///|
7|/112.1///|
8|/1...1111|
9|/1.1...*1|
-|---------|
Set/unset mines marks or claim a cell as free: > > 3 9 free
 |123456789|
-|---------|
1|/////////|
2|/////////|
3|/////////|
4|/////////|
5|/////////|
6|///111///|
7|/112.1///|
8|/1...1111|
9|/111...*1|
-|---------|
Set/unset mines marks or claim a cell as free: > > 5 8 mine
 |123456789|
-|---------|
1|/////////|
2|/////////|
3|/////////|
4|/////////|
5|/////////|
6|///111///|
7|/112.1///|
8|/1..*1111|
9|/111...*1|
-|---------|
Set/unset mines marks or claim a cell as free: > > 8 9 mine
 |123456789|
-|---------|
1|/////////|
2|/////////|
3|/////////|
4|/////////|
5|/////////|
6|///111///|
7|/112.1///|
8|/1..*1111|
9|/111....1|
-|---------|
Set/unset mines marks or claim a cell as free: > > 7 9 free
 |123456789|
-|---------|
1|/////////|
2|/////////|
3|/////////|
4|/////////|
5|/////////|
6|///111///|
7|/112.1///|
8|/1..*1111|
9|/111..1.1|
-|---------|
Set/unset mines marks or claim a cell as free: > > 5 9 free
 |123456789|
-|---------|
1|/////////|
2|/////////|
3|/////////|
4|/////////|
5|/////////|
6|///111///|
7|/112.1///|
8|/1.211111|
9|/111//1.1|
-|---------|
Congratulations! You found all the mines!
?[1;31m
Start test 56?[0m
How many mines do you want on the field? > > 3
 |123456789|
-|---------|
1|.........|
2|.........|
3|.........|
4|.........|
5|.........|
6|.........|
7|.........|
8|.........|
9|.........|
-|---------|
Set/unset mines marks or claim a cell as free: > > 2 9 mine
 |123456789|
-|---------|
1|.........|
2|.........|
3|.........|
4|.........|
5|.........|
6|.........|
7|.........|
8|.........|
9|.*.......|
-|---------|
Set/unset mines marks or claim a cell as free: > > 3 5 free
 |123456789|
-|---------|
1|/////////|
2|///111///|
3|///1.211/|
4|///112.1/|
5|/////111/|
6|/111/////|
7|/1.1/////|
8|/111/////|
9|/////////|
-|---------|
Congratulations! You found all the mines!
?[1;31m
Start test 57?[0m
How many mines do you want on the field? > > 3
 |123456789|
-|---------|
1|.........|
2|.........|
3|.........|
4|.........|
5|.........|
6|.........|
7|.........|
8|.........|
9|.........|
-|---------|
Set/unset mines marks or claim a cell as free: > > 4 4 free
 |123456789|
-|---------|
1|.........|
2|.........|
3|.........|
4|...1.....|
5|.........|
6|.........|
7|.........|
8|.........|
9|.........|
-|---------|
Set/unset mines marks or claim a cell as free: > > 4 1 free
 |123456789|
-|---------|
1|/////////|
2|//111////|
3|//1.1////|
4|//111//11|
5|//1.1//1.|
6|//1.1//11|
7|//111////|
8|/////////|
9|/////////|
-|---------|
Set/unset mines marks or claim a cell as free: > > 4 6 free
 |123456789|
-|---------|
1|/////////|
2|//111////|
3|//1.1////|
4|//111//11|
5|//1.1//1.|
6|//1X1//11|
7|//111////|
8|/////////|
9|/////////|
-|---------|
You stepped on a mine and failed!
?[1;31m
Start test 58?[0m
How many mines do you want on the field? > > 3
 |123456789|
-|---------|
1|.........|
2|.........|
3|.........|
4|.........|
5|.........|
6|.........|
7|.........|
8|.........|
9|.........|
-|---------|
Set/unset mines marks or claim a cell as free: > > 6 3 free
 |123456789|
-|---------|
1|.........|
2|.........|
3|.....1...|
4|.........|
5|.........|
6|.........|
7|.........|
8|.........|
9|.........|
-|---------|
Set/unset mines marks or claim a cell as free: > > 2 9 free
 |123456789|
-|---------|
1|/////////|
2|///111///|
3|/112.1///|
4|/1.211///|
5|/111/////|
6|/////////|
7|/////////|
8|/////111/|
9|/////1.1/|
-|---------|
Congratulations! You found all the mines!
?[1;31m
Start test 59?[0m
How many mines do you want on the field? > > 3
 |123456789|
-|---------|
1|.........|
2|.........|
3|.........|
4|.........|
5|.........|
6|.........|
7|.........|
8|.........|
9|.........|
-|---------|
Set/unset mines marks or claim a cell as free: > > 6 7 free
 |123456789|
-|---------|
1|/////////|
2|/////////|
3|/////111/|
4|/////1.1/|
5|/////111/|
6|/////////|
7|/////////|
8|111////11|
9|..1////1.|
-|---------|
Set/unset mines marks or claim a cell as free: > > 1 9 mine
 |123456789|
-|---------|
1|/////////|
2|/////////|
3|/////111/|
4|/////1.1/|
5|/////111/|
6|/////////|
7|/////////|
8|111////11|
9|*.1////1.|
-|---------|
Set/unset mines marks or claim a cell as free: > > 7 4 free
 |123456789|
-|---------|
1|/////////|
2|/////////|
3|/////111/|
4|/////1X1/|
5|/////111/|
6|/////////|
7|/////////|
8|111////11|
9|*.1////1.|
-|---------|
You stepped on a mine and failed!
?[1;31m
Start test 60?[0m
How many mines do you want on the field? > > 3
 |123456789|
-|---------|
1|.........|
2|.........|
3|.........|
4|.........|
5|.........|
6|.........|
7|.........|
8|.........|
9|.........|
-|---------|
Set/unset mines marks or claim a cell as free: > > 9 6 free
 |123456789|
-|---------|
1|//////1..|
2|111///1..|
3|..1///111|
4|111//////|
5|/////////|
6|//111////|
7|//1.1////|
8|//111////|
9|/////////|
-|---------|
Set/unset mines marks or claim a cell as free: > > 8 1 free
 |123456789|
-|---------|
1|//////11.|
2|111///1..|
3|..1///111|
4|111//////|
5|/////////|
6|//111////|
7|//1.1////|
8|//111////|
9|/////////|
-|---------|
Set/unset mines marks or claim a cell as free: > > 4 7 free
 |123456789|
-|---------|
1|//////11.|
2|111///1..|
3|..1///111|
4|111//////|
5|/////////|
6|//111////|
7|//1X1////|
8|//111////|
9|/////////|
-|---------|
You stepped on a mine and failed!
?[1;31m
Start test 61?[0m
How many mines do you want on the field? > > 4
 |123456789|
-|---------|
1|.........|
2|.........|
3|.........|
4|.........|
5|.........|
6|.........|
7|.........|
8|.........|
9|.........|
-|---------|
Set/unset mines marks or claim a cell as free: > > 7 6 mine
 |123456789|
-|---------|
1|.........|
2|.........|
3|.........|
4|.........|
5|.........|
6|......*..|
7|.........|
8|.........|
9|.........|
-|---------|
Set/unset mines marks or claim a cell as free: > > 8 6 free
 |123456789|
-|---------|
1|.1////1..|
2|.211//111|
3|12.1/////|
4|/111/////|
5|/////////|
6|/////////|
7|/////////|
8|11///////|
9|.1///////|
-|---------|
Set/unset mines marks or claim a cell as free: > > 1 1 mine
 |123456789|
-|---------|
1|*1////1..|
2|.211//111|
3|12.1/////|
4|/111/////|
5|/////////|
6|/////////|
7|/////////|
8|11///////|
9|.1///////|
-|---------|
Set/unset mines marks or claim a cell as free: > > 1 1 mine
 |123456789|
-|---------|
1|.1////1..|
2|.211//111|
3|12.1/////|
4|/111/////|
5|/////////|
6|/////////|
7|/////////|
8|11///////|
9|.1///////|
-|---------|
Set/unset mines marks or claim a cell as free: > > 8 1 free
 |123456789|
-|---------|
1|.1////1X.|
2|.211//111|
3|12.1/////|
4|/111/////|
5|/////////|
6|/////////|
7|/////////|
8|11///////|
9|.1///////|
-|---------|
You stepped on a mine and failed!
?[1;31m
Start test 62?[0m
How many mines do you want on the field? > > 4
 |123456789|
-|---------|
1|.........|
2|.........|
3|.........|
4|.........|
5|.........|
6|.........|
7|.........|
8|.........|
9|.........|
-|---------|
Set/unset mines marks or claim a cell as free: > > 5 4 mine
 |123456789|
-|---------|
1|.........|
2|.........|
3|.........|
4|....*....|
5|.........|
6|.........|
7|.........|
8|.........|
9|.........|
-|---------|
Set/unset mines marks or claim a cell as free: > > 8 1 free
 |123456789|
-|---------|
1|......1//|
2|......211|
3|.........|
4|....*....|
5|.........|
6|.........|
7|.........|
8|.........|
9|.........|
-|---------|
Set/unset mines marks or claim a cell as free: > > 6 2 mine
 |123456789|
-|---------|
1|......1//|
2|.....*211|
3|.........|
4|....*....|
5|.........|
6|.........|
7|.........|
8|.........|
9|.........|
-|---------|
Set/unset mines marks or claim a cell as free: > > 8 5 mine
 |123456789|
-|---------|
1|......1//|
2|.....*211|
3|.........|
4|....*....|
5|.......*.|
6|.........|
7|.........|
8|.........|
9|.........|
-|---------|
Set/unset mines marks or claim a cell as free: > > 2 2 free
 |123456789|
-|---------|
1|......1//|
2|.1...*211|
3|.........|
4|....*....|
5|.......*.|
6|.........|
7|.........|
8|.........|
9|.........|
-|---------|
Set/unset mines marks or claim a cell as free: > > 5 4 mine
 |123456789|
-|---------|
1|......1//|
2|.1...*211|
3|.........|
4|.........|
5|.......*.|
6|.........|
7|.........|
8|.........|
9|.........|
-|---------|
Set/unset mines marks or claim a cell as free: > > 6 2 mine
 |123456789|
-|---------|
1|......1//|
2|.1....211|
3|.........|
4|.........|
5|.......*.|
6|.........|
7|.........|
8|.........|
9|.........|
-|---------|
Set/unset mines marks or claim a cell as free: > > 3 4 free
 |123456789|
-|---------|
1|......1//|
2|.1....211|
3|.........|
4|..1......|
5|.......*.|
6|.........|
7|.........|
8|.........|
9|.........|
-|---------|
Set/unset mines marks or claim a cell as free: > > 3 1 mine
 |123456789|
-|---------|
1|..*...1//|
2|.1....211|
3|.........|
4|..1......|
5|.......*.|
6|.........|
7|.........|
8|.........|
9|.........|
-|---------|
Set/unset mines marks or claim a cell as free: > > 3 7 mine
 |123456789|
-|---------|
1|..*...1//|
2|.1....211|
3|.........|
4|..1......|
5|.......*.|
6|.........|
7|..*......|
8|.........|
9|.........|
-|---------|
Set/unset mines marks or claim a cell as free: > > 4 3 free
 |123456789|
-|---------|
1|////1.1//|
2|111/11211|
3|..1///1..|
4|111///111|
5|//111////|
6|//1.1////|
7|//111////|
8|/////////|
9|/////////|
-|---------|
Set/unset mines marks or claim a cell as free: > > 2 3 free
 |123456789|
-|---------|
1|////1.1//|
2|111/11211|
3|.X1///1..|
4|111///111|
5|//111////|
6|//1.1////|
7|//111////|
8|/////////|
9|/////////|
-|---------|
You stepped on a mine and failed!
?[1;31m
Start test 63?[0m
How many mines do you want on the field? > > 4
 |123456789|
-|---------|
1|.........|
2|.........|
3|.........|
4|.........|
5|.........|
6|.........|
7|.........|
8|.........|
9|.........|
-|---------|
Set/unset mines marks or claim a cell as free: > > 6 2 mine
 |123456789|
-|---------|
1|.........|
2|.....*...|
3|.........|
4|.........|
5|.........|
6|.........|
7|.........|
8|.........|
9|.........|
-|---------|
Set/unset mines marks or claim a cell as free: > > 1 3 free
 |123456789|
-|---------|
1|//////1..|
2|//11212..|
3|//1...211|
4|//11211//|
5|/////////|
6|/////////|
7|/////////|
8|111//////|
9|..1//////|
-|---------|
Set/unset mines marks or claim a cell as free: > > 9 1 mine
 |123456789|
-|---------|
1|//////1.*|
2|//11212..|
3|//1...211|
4|//11211//|
5|/////////|
6|/////////|
7|/////////|
8|111//////|
9|..1//////|
-|---------|
Set/unset mines marks or claim a cell as free: > > 4 3 mine
 |123456789|
-|---------|
1|//////1.*|
2|//11212..|
3|//1*..211|
4|//11211//|
5|/////////|
6|/////////|
7|/////////|
8|111//////|
9|..1//////|
-|---------|
Set/unset mines marks or claim a cell as free: > > 9 1 mine
 |123456789|
-|---------|
1|//////1..|
2|//11212..|
3|//1*..211|
4|//11211//|
5|/////////|
6|/////////|
7|/////////|
8|111//////|
9|..1//////|
-|---------|
Set/unset mines marks or claim a cell as free: > > 8 2 free
 |123456789|
-|---------|
1|//////1..|
2|//11212X.|
3|//1*..211|
4|//11211//|
5|/////////|
6|/////////|
7|/////////|
8|111//////|
9|..1//////|
-|---------|
You stepped on a mine and failed!
?[1;31m
Start test 64?[0m
How many mines do you want on the field? > > 4
 |123456789|
-|---------|
1|.........|
2|.........|
3|.........|
4|.........|
5|.........|
6|.........|
7|.........|
8|.........|
9|.........|
-|---------|
Set/unset mines marks or claim a cell as free: > > 4 7 free
 |123456789|
-|---------|
1|.........|
2|.........|
3|.........|
4|.........|
5|.........|
6|.........|
7|...2.....|
8|.........|
9|.........|
-|---------|
Set/unset mines marks or claim a cell as free: > > 1 9 mine
 |123456789|
-|---------|
1|.........|
2|.........|
3|.........|
4|.........|
5|.........|
6|.........|
7|...2.....|
8|.........|
9|*........|
-|---------|
Set/unset mines marks or claim a cell as free: > > 7 1 mine
 |123456789|
-|---------|
1|......*..|
2|.........|
3|.........|
4|.........|
5|.........|
6|.........|
7|...2.....|
8|.........|
9|*........|
-|---------|
Set/unset mines marks or claim a cell as free: > > 9 2 free
 |123456789|
-|---------|
1|/////////|
2|11///////|
3|.1//111//|
4|11//1.1//|
5|////111//|
6|///111///|
7|/112.1///|
8|/1.211///|
9|/1.1/////|
-|---------|
Set/unset mines marks or claim a cell as free: > > 3 9 free
 |123456789|
-|---------|
1|/////////|
2|11///////|
3|.1//111//|
4|11//1.1//|
5|////111//|
6|///111///|
7|/112.1///|
8|/1.211///|
9|/111/////|
-|---------|
Congratulations! You found all the mines!
?[1;31m
Start test 65?[0m
How many mines do you want on the field? > > 4
 |123456789|
-|---------|
1|.........|
2|.........|
3|.........|
4|.........|
5|.........|
6|.........|
7|.........|
8|.........|
9|.........|
-|---------|
Set/unset mines marks or claim a cell as free: > > 1 5 free
 |123456789|
-|---------|
1|/////////|
2|/////////|
3|/////////|
4|/////////|
5|///1221//|
6|///1..1//|
7|///2.31//|
8|///2.2///|
9|///2.2///|
-|---------|
Set/unset mines marks or claim a cell as free: > > 5 9 free
 |123456789|
-|---------|
1|/////////|
2|/////////|
3|/////////|
4|/////////|
5|///1221//|
6|///1..1//|
7|///2.31//|
8|///2.2///|
9|///2X2///|
-|---------|
You stepped on a mine and failed!
?[1;31m
Start test 66?[0m
How many mines do you want on the field? > > 4
 |123456789|
-|---------|
1|.........|
2|.........|
3|.........|
4|.........|
5|.........|
6|.........|
7|.........|
8|.........|
9|.........|
-|---------|
Set/unset mines marks or claim a cell as free: > > 8 9 free
 |123456789|
-|---------|
1|.........|
2|.........|
3|.........|
4|.........|
5|.........|
6|.........|
7|.........|
8|.........|
9|.......1.|
-|---------|
Set/unset mines marks or claim a cell as free: > > 3 3 mine
 |123456789|
-|---------|
1|.........|
2|.........|
3|..*......|
4|.........|
5|.........|
6|.........|
7|.........|
8|.........|
9|.......1.|
-|---------|
Set/unset mines marks or claim a cell as free: > > 6 2 mine
 |123456789|
-|---------|
1|.........|
2|.....*...|
3|..*......|
4|.........|
5|.........|
6|.........|
7|.........|
8|.........|
9|.......1.|
-|---------|
Set/unset mines marks or claim a cell as free: > > 4 4 free
 |123456789|
-|---------|
1|/////////|
2|/////////|
3|/////////|
4|/////////|
5|/////////|
6|1221/////|
7|...1/111/|
8|.321/1.1/|
9|.1///1.1/|
-|---------|
Set/unset mines marks or claim a cell as free: > > 1 8 free
 |123456789|
-|---------|
1|/////////|
2|/////////|
3|/////////|
4|/////////|
5|/////////|
6|1221/////|
7|...1/111/|
8|X321/1.1/|
9|.1///1.1/|
-|---------|
You stepped on a mine and failed!
?[1;31m
Start test 67?[0m
How many mines do you want on the field? > > 4
 |123456789|
-|---------|
1|.........|
2|.........|
3|.........|
4|.........|
5|.........|
6|.........|
7|.........|
8|.........|
9|.........|
-|---------|
Set/unset mines marks or claim a cell as free: > > 3 3 free
 |123456789|
-|---------|
1|//1.1////|
2|//111////|
3|/////////|
4|/111/////|
5|/1.1/////|
6|/111/////|
7|/////////|
8|11//111//|
9|.1//1.1//|
-|---------|
Congratulations! You found all the mines!
?[1;31m
Start test 68?[0m
How many mines do you want on the field? > > 4
 |123456789|
-|---------|
1|.........|
2|.........|
3|.........|
4|.........|
5|.........|
6|.........|
7|.........|
8|.........|
9|.........|
-|---------|
Set/unset mines marks or claim a cell as free: > > 5 1 free
 |123456789|
-|---------|
1|...1//1..|
2|...1//1..|
3|...2111..|
4|.........|
5|.........|
6|.........|
7|.........|
8|.........|
9|.........|
-|---------|
Set/unset mines marks or claim a cell as free: > > 2 1 free
 |123456789|
-|---------|
1|.1.1//1..|
2|...1//1..|
3|...2111..|
4|.........|
5|.........|
6|.........|
7|.........|
8|.........|
9|.........|
-|---------|
Set/unset mines marks or claim a cell as free: > > 9 6 free
 |123456789|
-|---------|
1|/1.1//1..|
2|/1.1//1..|
3|/11211111|
4|///1.1///|
5|///111///|
6|/////////|
7|/////////|
8|///////11|
9|///////1.|
-|---------|
Set/unset mines marks or claim a cell as free: > > 8 2 free
 |123456789|
-|---------|
1|/1.1//1..|
2|/1.1//1X.|
3|/11211111|
4|///1.1///|
5|///111///|
6|/////////|
7|/////////|
8|///////11|
9|///////1.|
-|---------|
You stepped on a mine and failed!
?[1;31m
Start test 69?[0m
How many mines do you want on the field? > > 4
 |123456789|
-|---------|
1|.........|
2|.........|
3|.........|
4|.........|
5|.........|
6|.........|
7|.........|
8|.........|
9|.........|
-|---------|
Set/unset mines marks or claim a cell as free: > > 2 2 mine
 |123456789|
-|---------|
1|.........|
2|.*.......|
3|.........|
4|.........|
5|.........|
6|.........|
7|.........|
8|.........|
9|.........|
-|---------|
Set/unset mines marks or claim a cell as free: > > 2 2 mine
 |123456789|
-|---------|
1|.........|
2|.........|
3|.........|
4|.........|
5|.........|
6|.........|
7|.........|
8|.........|
9|.........|
-|---------|
Set/unset mines marks or claim a cell as free: > > 3 8 mine
 |123456789|
-|---------|
1|.........|
2|.........|
3|.........|
4|.........|
5|.........|
6|.........|
7|.........|
8|..*......|
9|.........|
-|---------|
Set/unset mines marks or claim a cell as free: > > 6 8 free
 |123456789|
-|---------|
1|///1.1/1.|
2|///1.1/1.|
3|///111/1.|
4|///////1.|
5|///////1.|
6|///////1.|
7|///////1.|
8|///////11|
9|/////////|
-|---------|
Set/unset mines marks or claim a cell as free: > > 9 1 free
 |123456789|
-|---------|
1|///1.1/1X|
2|///1.1/1.|
3|///111/1.|
4|///////1.|
5|///////1.|
6|///////1.|
7|///////1.|
8|///////11|
9|/////////|
-|---------|
You stepped on a mine and failed!
?[1;31m
Start test 70?[0m
How many mines do you want on the field? > > 4
 |123456789|
-|---------|
1|.........|
2|.........|
3|.........|
4|.........|
5|.........|
6|.........|
7|.........|
8|.........|
9|.........|
-|---------|
Set/unset mines marks or claim a cell as free: > > 5 1 mine
 |123456789|
-|---------|
1|....*....|
2|.........|
3|.........|
4|.........|
5|.........|
6|.........|
7|.........|
8|.........|
9|.........|
-|---------|
Set/unset mines marks or claim a cell as free: > > 5 1 mine
 |123456789|
-|---------|
1|.........|
2|.........|
3|.........|
4|.........|
5|.........|
6|.........|
7|.........|
8|.........|
9|.........|
-|---------|
Set/unset mines marks or claim a cell as free: > > 7 3 free
 |123456789|
-|---------|
1|.....1///|
2|..1111///|
3|111//////|
4|/////////|
5|//////111|
6|//////1..|
7|//////111|
8|/111/////|
9|/1.1/////|
-|---------|
Set/unset mines marks or claim a cell as free: > > 3 1 free
 |123456789|
-|---------|
1|..1..1///|
2|..1111///|
3|111//////|
4|/////////|
5|//////111|
6|//////1..|
7|//////111|
8|/111/////|
9|/1.1/////|
-|---------|
Set/unset mines marks or claim a cell as free: > > 4 1 mine
 |123456789|
-|---------|
1|..1*.1///|
2|..1111///|
3|111//////|
4|/////////|
5|//////111|
6|//////1..|
7|//////111|
8|/111/////|
9|/1.1/////|
-|---------|
Set/unset mines marks or claim a cell as free: > > 2 2 free
 |123456789|
-|---------|
1|..1*.1///|
2|.X1111///|
3|111//////|
4|/////////|
5|//////111|
6|//////1..|
7|//////111|
8|/111/////|
9|/1.1/////|
-|---------|
You stepped on a mine and failed!
?[1;31m
Start test 71?[0m
How many mines do you want on the field? > > 4
 |123456789|
-|---------|
1|.........|
2|.........|
3|.........|
4|.........|
5|.........|
6|.........|
7|.........|
8|.........|
9|.........|
-|---------|
Set/unset mines marks or claim a cell as free: > > 7 8 free
 |123456789|
-|---------|
1|.........|
2|.........|
3|.........|
4|.........|
5|.........|
6|.........|
7|.........|
8|......1..|
9|.........|
-|---------|
Set/unset mines marks or claim a cell as free: > > 9 4 free
 |123456789|
-|---------|
1|.........|
2|.........|
3|.........|
4|........1|
5|.........|
6|.........|
7|.........|
8|......1..|
9|.........|
-|---------|
Set/unset mines marks or claim a cell as free: > > 9 5 mine
 |123456789|
-|---------|
1|.........|
2|.........|
3|.........|
4|........1|
5|........*|
6|.........|
7|.........|
8|......1..|
9|.........|
-|---------|
Set/unset mines marks or claim a cell as free: > > 9 5 mine
 |123456789|
-|---------|
1|.........|
2|.........|
3|.........|
4|........1|
5|.........|
6|.........|
7|.........|
8|......1..|
9|.........|
-|---------|
Set/unset mines marks or claim a cell as free: > > 1 7 free
 |123456789|
-|---------|
1|////1....|
2|////1111.|
3|///////1.|
4|///////11|
5|/111/////|
6|/1.1//111|
7|/111//1..|
8|//////111|
9|/////////|
-|---------|
Set/unset mines marks or claim a cell as free: > > 9 3 free
 |123456789|
-|---------|
1|////1....|
2|////1111.|
3|///////1X|
4|///////11|
5|/111/////|
6|/1.1//111|
7|/111//1..|
8|//////111|
9|/////////|
-|---------|
You stepped on a mine and failed!
?[1;31m
Start test 72?[0m
How many mines do you want on the field? > > 4
 |123456789|
-|---------|
1|.........|
2|.........|
3|.........|
4|.........|
5|.........|
6|.........|
7|.........|
8|.........|
9|.........|
-|---------|
Set/unset mines marks or claim a cell as free: > > 8 6 mine
 |123456789|
-|---------|
1|.........|
2|.........|
3|.........|
4|.........|
5|.........|
6|.......*.|
7|.........|
8|.........|
9|.........|
-|---------|
Set/unset mines marks or claim a cell as free: > > 7 8 free
 |123456789|
-|---------|
1|.........|
2|.........|
3|.........|
4|.........|
5|.........|
6|.......*.|
7|.........|
8|......1..|
9|.........|
-|---------|
Set/unset mines marks or claim a cell as free: > > 5 5 mine
 |123456789|
-|---------|
1|.........|
2|.........|
3|.........|
4|.........|
5|....*....|
6|.......*.|
7|.........|
8|......1..|
9|.........|
-|---------|
Set/unset mines marks or claim a cell as free: > > 8 2 free
 |123456789|
-|---------|
1|.........|
2|.......1.|
3|.........|
4|.........|
5|....*....|
6|.......*.|
7|.........|
8|......1..|
9|.........|
-|---------|
Set/unset mines marks or claim a cell as free: > > 8 5 free
 |123456789|
-|---------|
1|.........|
2|.......1.|
3|.........|
4|.........|
5|....*..1.|
6|.......*.|
7|.........|
8|......1..|
9|.........|
-|---------|
Set/unset mines marks or claim a cell as free: > > 8 6 mine
 |123456789|
-|---------|
1|.........|
2|.......1.|
3|.........|
4|.........|
5|....*..1.|
6|.........|
7|.........|
8|......1..|
9|.........|
-|---------|
Set/unset mines marks or claim a cell as free: > > 7 3 free
 |123456789|
-|---------|
1|.........|
2|.......1.|
3|......X..|
4|.........|
5|....*..1.|
6|.........|
7|.........|
8|......1..|
9|.........|
-|---------|
You stepped on a mine and failed!
?[1;31m
Start test 73?[0m
How many mines do you want on the field? > > 4
 |123456789|
-|---------|
1|.........|
2|.........|
3|.........|
4|.........|
5|.........|
6|.........|
7|.........|
8|.........|
9|.........|
-|---------|
Set/unset mines marks or claim a cell as free: > > 3 1 free
 |123456789|
-|---------|
1|/////////|
2|/////////|
3|/////////|
4|/////////|
5|/////////|
6|111//////|
7|..211//11|
8|....1112.|
9|.........|
-|---------|
Set/unset mines marks or claim a cell as free: > > 6 9 mine
 |123456789|
-|---------|
1|/////////|
2|/////////|
3|/////////|
4|/////////|
5|/////////|
6|111//////|
7|..211//11|
8|....1112.|
9|.....*...|
-|---------|
Set/unset mines marks or claim a cell as free: > > 1 9 free
 |123456789|
-|---------|
1|/////////|
2|/////////|
3|/////////|
4|/////////|
5|/////////|
6|111//////|
7|..211//11|
8|112.1112.|
9|//1..*...|
-|---------|
Set/unset mines marks or claim a cell as free: > > 9 8 free
 |123456789|
-|---------|
1|/////////|
2|/////////|
3|/////////|
4|/////////|
5|/////////|
6|111//////|
7|..211//11|
8|112.1112X|
9|//1..*...|
-|---------|
You stepped on a mine and failed!
?[1;31m
Start test 74?[0m
How many mines do you want on the field? > > 4
 |123456789|
-|---------|
1|.........|
2|.........|
3|.........|
4|.........|
5|.........|
6|.........|
7|.........|
8|.........|
9|.........|
-|---------|
Set/unset mines marks or claim a cell as free: > > 1 8 free
 |123456789|
-|---------|
1|/////////|
2|///111///|
3|///1.1///|
4|///1.1///|
5|11/1.1///|
6|.1/1.1///|
7|11/111/11|
8|///////1.|
9|///////1.|
-|---------|
Set/unset mines marks or claim a cell as free: > > 5 5 free
 |123456789|
-|---------|
1|/////////|
2|///111///|
3|///1.1///|
4|///1.1///|
5|11/111///|
6|.1/1.1///|
7|11/111/11|
8|///////1.|
9|///////1.|
-|---------|
Set/unset mines marks or claim a cell as free: > > 5 4 mine
 |123456789|
-|---------|
1|/////////|
2|///111///|
3|///1.1///|
4|///1*1///|
5|11/111///|
6|.1/1.1///|
7|11/111/11|
8|///////1.|
9|///////1.|
-|---------|
Set/unset mines marks or claim a cell as free: > > 5 4 mine
 |123456789|
-|---------|
1|/////////|
2|///111///|
3|///1.1///|
4|///1.1///|
5|11/111///|
6|.1/1.1///|
7|11/111/11|
8|///////1.|
9|///////1.|
-|---------|
Set/unset mines marks or claim a cell as free: > > 5 4 free
 |123456789|
-|---------|
1|/////////|
2|///111///|
3|///1.1///|
4|///111///|
5|11/111///|
6|.1/1.1///|
7|11/111/11|
8|///////1.|
9|///////1.|
-|---------|
Set/unset mines marks or claim a cell as free: > > 1 6 free
 |123456789|
-|---------|
1|/////////|
2|///111///|
3|///1.1///|
4|///111///|
5|11/111///|
6|X1/1.1///|
7|11/111/11|
8|///////1.|
9|///////1.|
-|---------|
You stepped on a mine and failed!
?[1;31m
Start test 75?[0m
How many mines do you want on the field? > > 4
 |123456789|
-|---------|
1|.........|
2|.........|
3|.........|
4|.........|
5|.........|
6|.........|
7|.........|
8|.........|
9|.........|
-|---------|
Set/unset mines marks or claim a cell as free: > > 6 5 free
 |123456789|
-|---------|
1|/////////|
2|/////////|
3|///////11|
4|///////1.|
5|/111///11|
6|/1.1/////|
7|/1.1/////|
8|/1.1/111/|
9|/1.1/1.1/|
-|---------|
Set/unset mines marks or claim a cell as free: > > 3 7 free
 |123456789|
-|---------|
1|/////////|
2|/////////|
3|///////11|
4|///////1.|
5|/111///11|
6|/1.1/////|
7|/111/////|
8|/1.1/111/|
9|/1.1/1.1/|
-|---------|
Set/unset mines marks or claim a cell as free: > > 7 9 mine
 |123456789|
-|---------|
1|/////////|
2|/////////|
3|///////11|
4|///////1.|
5|/111///11|
6|/1.1/////|
7|/111/////|
8|/1.1/111/|
9|/1.1/1*1/|
-|---------|
Set/unset mines marks or claim a cell as free: > > 3 9 free
 |123456789|
-|---------|
1|/////////|
2|/////////|
3|///////11|
4|///////1.|
5|/111///11|
6|/1.1/////|
7|/111/////|
8|/1.1/111/|
9|/1X1/1*1/|
-|---------|
You stepped on a mine and failed!
?[1;31m
Start test 76?[0m
How many mines do you want on the field? > > 4
 |123456789|
-|---------|
1|.........|
2|.........|
3|.........|
4|.........|
5|.........|
6|.........|
7|.........|
8|.........|
9|.........|
-|---------|
Set/unset mines marks or claim a cell as free: > > 7 7 free
 |123456789|
-|---------|
1|.........|
2|.........|
3|.........|
4|.........|
5|.........|
6|.........|
7|......1..|
8|.........|
9|.........|
-|---------|
Set/unset mines marks or claim a cell as free: > > 2 3 free
 |123456789|
-|---------|
1|.........|
2|.........|
3|.1.......|
4|.........|
5|.........|
6|.........|
7|......1..|
8|.........|
9|.........|
-|---------|
Set/unset mines marks or claim a cell as free: > > 2 9 free
 |123456789|
-|---------|
1|.1///////|
2|.1///////|
3|11///////|
4|/////111/|
5|/////1.1/|
6|/////1232|
7|//////1..|
8|//////122|
9|/////////|
-|---------|
Set/unset mines marks or claim a cell as free: > > 1 1 mine
 |123456789|
-|---------|
1|*1///////|
2|.1///////|
3|11///////|
4|/////111/|
5|/////1.1/|
6|/////1232|
7|//////1..|
8|//////122|
9|/////////|
-|---------|
Set/unset mines marks or claim a cell as free: > > 1 1 mine
 |123456789|
-|---------|
1|.1///////|
2|.1///////|
3|11///////|
4|/////111/|
5|/////1.1/|
6|/////1232|
7|//////1..|
8|//////122|
9|/////////|
-|---------|
Set/unset mines marks or claim a cell as free: > > 7 5 free
 |123456789|
-|---------|
1|.1///////|
2|.1///////|
3|11///////|
4|/////111/|
5|/////1X1/|
6|/////1232|
7|//////1..|
8|//////122|
9|/////////|
-|---------|
You stepped on a mine and failed!
?[1;31m
Start test 77?[0m
How many mines do you want on the field? > > 4
 |123456789|
-|---------|
1|.........|
2|.........|
3|.........|
4|.........|
5|.........|
6|.........|
7|.........|
8|.........|
9|.........|
-|---------|
Set/unset mines marks or claim a cell as free: > > 2 3 free
 |123456789|
-|---------|
1|/////////|
2|/////////|
3|//////111|
4|//////1..|
5|//////1..|
6|/////11..|
7|11///1...|
8|.11111...|
9|.........|
-|---------|
Set/unset mines marks or claim a cell as free: > > 8 8 free
 |123456789|
-|---------|
1|/////////|
2|/////////|
3|//////111|
4|//////1..|
5|//////1..|
6|/////11..|
7|11///1...|
8|.11111.1.|
9|.........|
-|---------|
Set/unset mines marks or claim a cell as free: > > 3 9 free
 |123456789|
-|---------|
1|/////////|
2|/////////|
3|//////111|
4|//////1..|
5|//////1..|
6|/////11..|
7|11///1...|
8|.11111.1.|
9|..1......|
-|---------|
Set/unset mines marks or claim a cell as free: > > 9 9 free
 |123456789|
-|---------|
1|/////////|
2|/////////|
3|//////111|
4|//////1..|
5|//////111|
6|/////111/|
7|11///1.1/|
8|.1111111/|
9|..1.1////|
-|---------|
Set/unset mines marks or claim a cell as free: > > 9 4 free
 |123456789|
-|---------|
1|/////////|
2|/////////|
3|//////111|
4|//////1.1|
5|//////111|
6|/////111/|
7|11///1.1/|
8|.1111111/|
9|..1.1////|
-|---------|
Set/unset mines marks or claim a cell as free: > > 7 7 mine
 |123456789|
-|---------|
1|/////////|
2|/////////|
3|//////111|
4|//////1.1|
5|//////111|
6|/////111/|
7|11///1*1/|
8|.1111111/|
9|..1.1////|
-|---------|
Set/unset mines marks or claim a cell as free: > > 1 9 free
 |123456789|
-|---------|
1|/////////|
2|/////////|
3|//////111|
4|//////1.1|
5|//////111|
6|/////111/|
7|11///1*1/|
8|.1111111/|
9|1.1.1////|
-|---------|
Set/unset mines marks or claim a cell as free: > > 7 7 mine
 |123456789|
-|---------|
1|/////////|
2|/////////|
3|//////111|
4|//////1.1|
5|//////111|
6|/////111/|
7|11///1.1/|
8|.1111111/|
9|1.1.1////|
-|---------|
Set/unset mines marks or claim a cell as free: > > 1 8 free
 |123456789|
-|---------|
1|/////////|
2|/////////|
3|//////111|
4|//////1.1|
5|//////111|
6|/////111/|
7|11///1.1/|
8|X1111111/|
9|1.1.1////|
-|---------|
You stepped on a mine and failed!
?[1;31m
Start test 78?[0m
How many mines do you want on the field? > > 4
 |123456789|
-|---------|
1|.........|
2|.........|
3|.........|
4|.........|
5|.........|
6|.........|
7|.........|
8|.........|
9|.........|
-|---------|
Set/unset mines marks or claim a cell as free: > > 8 4 free
 |123456789|
-|---------|
1|/////////|
2|/////////|
3|/////////|
4|/////////|
5|//////111|
6|111/112..|
7|..1/2....|
8|111/2....|
9|////1....|
-|---------|
Set/unset mines marks or claim a cell as free: > > 9 6 free
 |123456789|
-|---------|
1|/////////|
2|/////////|
3|/////////|
4|/////////|
5|//////111|
6|111/112.1|
7|..1/2....|
8|111/2....|
9|////1....|
-|---------|
Set/unset mines marks or claim a cell as free: > > 2 7 mine
 |123456789|
-|---------|
1|/////////|
2|/////////|
3|/////////|
4|/////////|
5|//////111|
6|111/112.1|
7|.*1/2....|
8|111/2....|
9|////1....|
-|---------|
Set/unset mines marks or claim a cell as free: > > 2 7 mine
 |123456789|
-|---------|
1|/////////|
2|/////////|
3|/////////|
4|/////////|
5|//////111|
6|111/112.1|
7|..1/2....|
8|111/2....|
9|////1....|
-|---------|
Set/unset mines marks or claim a cell as free: > > 8 7 mine
 |123456789|
-|---------|
1|/////////|
2|/////////|
3|/////////|
4|/////////|
5|//////111|
6|111/112.1|
7|..1/2..*.|
8|111/2....|
9|////1....|
-|---------|
Set/unset mines marks or claim a cell as free: > > 8 6 mine
 |123456789|
-|---------|
1|/////////|
2|/////////|
3|/////////|
4|/////////|
5|//////111|
6|111/112*1|
7|..1/2..*.|
8|111/2....|
9|////1....|
-|---------|
Set/unset mines marks or claim a cell as free: > > 6 8 mine
 |123456789|
-|---------|
1|/////////|
2|/////////|
3|/////////|
4|/////////|
5|//////111|
6|111/112*1|
7|..1/2..*.|
8|111/2*...|
9|////1....|
-|---------|
Set/unset mines marks or claim a cell as free: > > 8 8 mine
 |123456789|
-|---------|
1|/////////|
2|/////////|
3|/////////|
4|/////////|
5|//////111|
6|111/112*1|
7|..1/2..*.|
8|111/2*.*.|
9|////1....|
-|---------|
Set/unset mines marks or claim a cell as free: > > 1 7 free
 |123456789|
-|---------|
1|/////////|
2|/////////|
3|/////////|
4|/////////|
5|//////111|
6|111/112*1|
7|1.1/2..*.|
8|111/2*.*.|
9|////1....|
-|---------|
Set/unset mines marks or claim a cell as free: > > 7 7 mine
 |123456789|
-|---------|
1|/////////|
2|/////////|
3|/////////|
4|/////////|
5|//////111|
6|111/112*1|
7|1.1/2.**.|
8|111/2*.*.|
9|////1....|
-|---------|
Set/unset mines marks or claim a cell as free: > > 8 8 mine
 |123456789|
-|---------|
1|/////////|
2|/////////|
3|/////////|
4|/////////|
5|//////111|
6|111/112*1|
7|1.1/2.**.|
8|111/2*...|
9|////1....|
-|---------|
Set/unset mines marks or claim a cell as free: > > 8 8 mine
 |123456789|
-|---------|
1|/////////|
2|/////////|
3|/////////|
4|/////////|
5|//////111|
6|111/112*1|
7|1.1/2.**.|
8|111/2*.*.|
9|////1....|
-|---------|
Set/unset mines marks or claim a cell as free: > > 8 9 mine
 |123456789|
-|---------|
1|/////////|
2|/////////|
3|/////////|
4|/////////|
5|//////111|
6|111/112*1|
7|1.1/2.**.|
8|111/2*.*.|
9|////1..*.|
-|---------|
Set/unset mines marks or claim a cell as free: > > 7 9 free
 |123456789|
-|---------|
1|/////////|
2|/////////|
3|/////////|
4|/////////|
5|//////111|
6|111/112*1|
7|1.1/2.**.|
8|111/2*.*.|
9|////1.1*.|
-|---------|
Set/unset mines marks or claim a cell as free: > > 7 8 mine
 |123456789|
-|---------|
1|/////////|
2|/////////|
3|/////////|
4|/////////|
5|//////111|
6|111/112*1|
7|1.1/2.**.|
8|111/2***.|
9|////1.1*.|
-|---------|
Set/unset mines marks or claim a cell as free: > > 9 9 free
 |123456789|
-|---------|
1|/////////|
2|/////////|
3|/////////|
4|/////////|
5|//////111|
6|111/112*1|
7|1.1/2.311|
8|111/2*2//|
9|////1.1//|
-|---------|
Set/unset mines marks or claim a cell as free: > > 2 7 mine
 |123456789|
-|---------|
1|/////////|
2|/////////|
3|/////////|
4|/////////|
5|//////111|
6|111/112*1|
7|1*1/2.311|
8|111/2*2//|
9|////1.1//|
-|---------|
Set/unset mines marks or claim a cell as free: > > 6 8 mine
 |123456789|
-|---------|
1|/////////|
2|/////////|
3|/////////|
4|/////////|
5|//////111|
6|111/112*1|
7|1*1/2.311|
8|111/2.2//|
9|////1.1//|
-|---------|
Set/unset mines marks or claim a cell as free: > > 6 9 mine
 |123456789|
-|---------|
1|/////////|
2|/////////|
3|/////////|
4|/////////|
5|//////111|
6|111/112*1|
7|1*1/2.311|
8|111/2.2//|
9|////1*1//|
-|---------|
Set/unset mines marks or claim a cell as free: > > 6 8 mine
 |123456789|
-|---------|
1|/////////|
2|/////////|
3|/////////|
4|/////////|
5|//////111|
6|111/112*1|
7|1*1/2.311|
8|111/2*2//|
9|////1*1//|
-|---------|
Set/unset mines marks or claim a cell as free: > > 6 7 mine
 |123456789|
-|---------|
1|/////////|
2|/////////|
3|/////////|
4|/////////|
5|//////111|
6|111/112*1|
7|1*1/2*311|
8|111/2*2//|
9|////1*1//|
-|---------|
Set/unset mines marks or claim a cell as free: > > 6 8 mine
 |123456789|
-|---------|
1|/////////|
2|/////////|
3|/////////|
4|/////////|
5|//////111|
6|111/112*1|
7|1*1/2*311|
8|111/2.2//|
9|////1*1//|
-|---------|
Set/unset mines marks or claim a cell as free: > > 6 9 mine
 |123456789|
-|---------|
1|/////////|
2|/////////|
3|/////////|
4|/////////|
5|//////111|
6|111/112*1|
7|1*1/2*311|
8|111/2.2//|
9|////1.1//|
-|---------|
Set/unset mines marks or claim a cell as free: > > 6 9 mine
 |123456789|
-|---------|
1|/////////|
2|/////////|
3|/////////|
4|/////////|
5|//////111|
6|111/112*1|
7|1*1/2*311|
8|111/2.2//|
9|////1*1//|
-|---------|
Set/unset mines marks or claim a cell as free: > > 6 9 mine
 |123456789|
-|---------|
1|/////////|
2|/////////|
3|/////////|
4|/////////|
5|//////111|
6|111/112*1|
7|1*1/2*311|
8|111/2.2//|
9|////1.1//|
-|---------|
Set/unset mines marks or claim a cell as free: > > 6 8 free
 |123456789|
-|---------|
1|/////////|
2|/////////|
3|/////////|
4|/////////|
5|//////111|
6|111/112*1|
7|1*1/2*311|
8|111/2X2//|
9|////1.1//|
-|---------|
You stepped on a mine and failed!
?[1;31m
Start test 79?[0m
How many mines do you want on the field? > > 4
 |123456789|
-|---------|
1|.........|
2|.........|
3|.........|
4|.........|
5|.........|
6|.........|
7|.........|
8|.........|
9|.........|
-|---------|
Set/unset mines marks or claim a cell as free: > > 5 6 free
 |123456789|
-|---------|
1|/////////|
2|/////1121|
3|/////1...|
4|111//113.|
5|..1////1.|
6|111////11|
7|/////////|
8|/////////|
9|/////////|
-|---------|
Set/unset mines marks or claim a cell as free: > > 9 3 mine
 |123456789|
-|---------|
1|/////////|
2|/////1121|
3|/////1..*|
4|111//113.|
5|..1////1.|
6|111////11|
7|/////////|
8|/////////|
9|/////////|
-|---------|
Set/unset mines marks or claim a cell as free: > > 9 3 mine
 |123456789|
-|---------|
1|/////////|
2|/////1121|
3|/////1...|
4|111//113.|
5|..1////1.|
6|111////11|
7|/////////|
8|/////////|
9|/////////|
-|---------|
Set/unset mines marks or claim a cell as free: > > 9 4 free
 |123456789|
-|---------|
1|/////////|
2|/////1121|
3|/////1...|
4|111//1132|
5|..1////1.|
6|111////11|
7|/////////|
8|/////////|
9|/////////|
-|---------|
Set/unset mines marks or claim a cell as free: > > 8 3 free
 |123456789|
-|---------|
1|/////////|
2|/////1121|
3|/////1.2.|
4|111//1132|
5|..1////1.|
6|111////11|
7|/////////|
8|/////////|
9|/////////|
-|---------|
Set/unset mines marks or claim a cell as free: > > 9 3 free
 |123456789|
-|---------|
1|/////////|
2|/////1121|
3|/////1.2X|
4|111//1132|
5|..1////1.|
6|111////11|
7|/////////|
8|/////////|
9|/////////|
-|---------|
You stepped on a mine and failed!
?[1;31m
Start test 80?[0m
How many mines do you want on the field? > > 4
 |123456789|
-|---------|
1|.........|
2|.........|
3|.........|
4|.........|
5|.........|
6|.........|
7|.........|
8|.........|
9|.........|
-|---------|
Set/unset mines marks or claim a cell as free: > > 4 2 mine
 |123456789|
-|---------|
1|.........|
2|...*.....|
3|.........|
4|.........|
5|.........|
6|.........|
7|.........|
8|.........|
9|.........|
-|---------|
Set/unset mines marks or claim a cell as free: > > 6 3 mine
 |123456789|
-|---------|
1|.........|
2|...*.....|
3|.....*...|
4|.........|
5|.........|
6|.........|
7|.........|
8|.........|
9|.........|
-|---------|
Set/unset mines marks or claim a cell as free: > > 4 2 mine
 |123456789|
-|---------|
1|.........|
2|.........|
3|.....*...|
4|.........|
5|.........|
6|.........|
7|.........|
8|.........|
9|.........|
-|---------|
Set/unset mines marks or claim a cell as free: > > 8 7 mine
 |123456789|
-|---------|
1|.........|
2|.........|
3|.....*...|
4|.........|
5|.........|
6|.........|
7|.......*.|
8|.........|
9|.........|
-|---------|
Set/unset mines marks or claim a cell as free: > > 4 1 mine
 |123456789|
-|---------|
1|...*.....|
2|.........|
3|.....*...|
4|.........|
5|.........|
6|.........|
7|.......*.|
8|.........|
9|.........|
-|---------|
Set/unset mines marks or claim a cell as free: > > 8 7 mine
 |123456789|
-|---------|
1|...*.....|
2|.........|
3|.....*...|
4|.........|
5|.........|
6|.........|
7|.........|
8|.........|
9|.........|
-|---------|
Set/unset mines marks or claim a cell as free: > > 4 1 mine
 |123456789|
-|---------|
1|.........|
2|.........|
3|.....*...|
4|.........|
5|.........|
6|.........|
7|.........|
8|.........|
9|.........|
-|---------|
Set/unset mines marks or claim a cell as free: > > 9 6 free
 |123456789|
-|---------|
1|.........|
2|.........|
3|.....*...|
4|.........|
5|.........|
6|........1|
7|.........|
8|.........|
9|.........|
-|---------|
Set/unset mines marks or claim a cell as free: > > 6 3 mine
 |123456789|
-|---------|
1|.........|
2|.........|
3|.........|
4|.........|
5|.........|
6|........1|
7|.........|
8|.........|
9|.........|
-|---------|
Set/unset mines marks or claim a cell as free: > > 1 3 mine
 |123456789|
-|---------|
1|.........|
2|.........|
3|*........|
4|.........|
5|.........|
6|........1|
7|.........|
8|.........|
9|.........|
-|---------|
Set/unset mines marks or claim a cell as free: > > 8 9 free
 |123456789|
-|---------|
1|..1///1..|
2|.21///111|
3|*1///////|
4|11///////|
5|//////111|
6|//////1.1|
7|//////111|
8|/////////|
9|/////////|
-|---------|
Set/unset mines marks or claim a cell as free: > > 2 1 free
 |123456789|
-|---------|
1|.X1///1..|
2|.21///111|
3|*1///////|
4|11///////|
5|//////111|
6|//////1.1|
7|//////111|
8|/////////|
9|/////////|
-|---------|
You stepped on a mine and failed!
?[1;31m
Start test 81?[0m
How many mines do you want on the field? > > 5
 |123456789|
-|---------|
1|.........|
2|.........|
3|.........|
4|.........|
5|.........|
6|.........|
7|.........|
8|.........|
9|.........|
-|---------|
Set/unset mines marks or claim a cell as free: > > 1 4 free
 |123456789|
-|---------|
1|//1.1/1..|
2|//1.1/1..|
3|//111/2..|
4|//////1..|
5|/////1221|
6|/////1.1/|
7|/////111/|
8|111//////|
9|..1//////|
-|---------|
Set/unset mines marks or claim a cell as free: > > 9 2 free
 |123456789|
-|---------|
1|//1.1/1..|
2|//1.1/1.1|
3|//111/2..|
4|//////1..|
5|/////1221|
6|/////1.1/|
7|/////111/|
8|111//////|
9|..1//////|
-|---------|
Set/unset mines marks or claim a cell as free: > > 9 4 free
 |123456789|
-|---------|
1|//1.1/1..|
2|//1.1/1.1|
3|//111/2..|
4|//////1.1|
5|/////1221|
6|/////1.1/|
7|/////111/|
8|111//////|
9|..1//////|
-|---------|
Set/unset mines marks or claim a cell as free: > > 4 2 free
 |123456789|
-|---------|
1|//1.1/1..|
2|//1X1/1.1|
3|//111/2..|
4|//////1.1|
5|/////1221|
6|/////1.1/|
7|/////111/|
8|111//////|
9|..1//////|
-|---------|
You stepped on a mine and failed!
?[1;31m
Start test 82?[0m
How many mines do you want on the field? > > 5
 |123456789|
-|---------|
1|.........|
2|.........|
3|.........|
4|.........|
5|.........|
6|.........|
7|.........|
8|.........|
9|.........|
-|---------|
Set/unset mines marks or claim a cell as free: > > 1 7 free
 |123456789|
-|---------|
1|/1.......|
2|/111112..|
3|//////1..|
4|//111/111|
5|//1.21///|
6|//12.1///|
7|///111///|
8|/////////|
9|/////////|
-|---------|
Set/unset mines marks or claim a cell as free: > > 5 1 free
 |123456789|
-|---------|
1|/1..1....|
2|/111112..|
3|//////1..|
4|//111/111|
5|//1.21///|
6|//12.1///|
7|///111///|
8|/////////|
9|/////////|
-|---------|
Set/unset mines marks or claim a cell as free: > > 5 6 mine
 |123456789|
-|---------|
1|/1..1....|
2|/111112..|
3|//////1..|
4|//111/111|
5|//1.21///|
6|//12*1///|
7|///111///|
8|/////////|
9|/////////|
-|---------|
Set/unset mines marks or claim a cell as free: > > 8 1 free
 |123456789|
-|---------|
1|/1..1.1//|
2|/11111211|
3|//////1..|
4|//111/111|
5|//1.21///|
6|//12*1///|
7|///111///|
8|/////////|
9|/////////|
-|---------|
Set/unset mines marks or claim a cell as free: > > 4 1 free
 |123456789|
-|---------|
1|/1.11.1//|
2|/11111211|
3|//////1..|
4|//111/111|
5|//1.21///|
6|//12*1///|
7|///111///|
8|/////////|
9|/////////|
-|---------|
Set/unset mines marks or claim a cell as free: > > 9 3 free
 |123456789|
-|---------|
1|/1.11.1//|
2|/11111211|
3|//////1.1|
4|//111/111|
5|//1.21///|
6|//12*1///|
7|///111///|
8|/////////|
9|/////////|
-|---------|
Congratulations! You found all the mines!
?[1;31m
Start test 83?[0m
How many mines do you want on the field? > > 6
 |123456789|
-|---------|
1|.........|
2|.........|
3|.........|
4|.........|
5|.........|
6|.........|
7|.........|
8|.........|
9|.........|
-|---------|
Set/unset mines marks or claim a cell as free: > > 4 3 free
 |123456789|
-|---------|
1|.........|
2|.........|
3|...1.....|
4|.........|
5|.........|
6|.........|
7|.........|
8|.........|
9|.........|
-|---------|
Set/unset mines marks or claim a cell as free: > > 3 5 free
 |123456789|
-|---------|
1|.........|
2|.........|
3|...1.....|
4|.........|
5|..X......|
6|.........|
7|.........|
8|.........|
9|.........|
-|---------|
You stepped on a mine and failed!
?[1;31m
Start test 84?[0m
How many mines do you want on the field? > > 6
 |123456789|
-|---------|
1|.........|
2|.........|
3|.........|
4|.........|
5|.........|
6|.........|
7|.........|
8|.........|
9|.........|
-|---------|
Set/unset mines marks or claim a cell as free: > > 5 4 free
 |123456789|
-|---------|
1|......1//|
2|..212.1//|
3|111/111//|
4|/////////|
5|/////////|
6|/////////|
7|111////11|
8|..1//112.|
9|..1//1...|
-|---------|
Set/unset mines marks or claim a cell as free: > > 3 1 mine
 |123456789|
-|---------|
1|..*...1//|
2|..212.1//|
3|111/111//|
4|/////////|
5|/////////|
6|/////////|
7|111////11|
8|..1//112.|
9|..1//1...|
-|---------|
Set/unset mines marks or claim a cell as free: > > 3 1 mine
 |123456789|
-|---------|
1|......1//|
2|..212.1//|
3|111/111//|
4|/////////|
5|/////////|
6|/////////|
7|111////11|
8|..1//112.|
9|..1//1...|
-|---------|
Set/unset mines marks or claim a cell as free: > > 1 2 mine
 |123456789|
-|---------|
1|......1//|
2|*.212.1//|
3|111/111//|
4|/////////|
5|/////////|
6|/////////|
7|111////11|
8|..1//112.|
9|..1//1...|
-|---------|
Set/unset mines marks or claim a cell as free: > > 2 9 free
 |123456789|
-|---------|
1|......1//|
2|*.212.1//|
3|111/111//|
4|/////////|
5|/////////|
6|/////////|
7|111////11|
8|..1//112.|
9|.11//1...|
-|---------|
Set/unset mines marks or claim a cell as free: > > 1 2 mine
 |123456789|
-|---------|
1|......1//|
2|..212.1//|
3|111/111//|
4|/////////|
5|/////////|
6|/////////|
7|111////11|
8|..1//112.|
9|.11//1...|
-|---------|
Set/unset mines marks or claim a cell as free: > > 3 1 free
 |123456789|
-|---------|
1|..2...1//|
2|..212.1//|
3|111/111//|
4|/////////|
5|/////////|
6|/////////|
7|111////11|
8|..1//112.|
9|.11//1...|
-|---------|
Set/unset mines marks or claim a cell as free: > > 5 1 mine
 |123456789|
-|---------|
1|..2.*.1//|
2|..212.1//|
3|111/111//|
4|/////////|
5|/////////|
6|/////////|
7|111////11|
8|..1//112.|
9|.11//1...|
-|---------|
Set/unset mines marks or claim a cell as free: > > 4 1 free
 |123456789|
-|---------|
1|..2X*.1//|
2|..212.1//|
3|111/111//|
4|/////////|
5|/////////|
6|/////////|
7|111////11|
8|..1//112.|
9|.11//1...|
-|---------|
You stepped on a mine and failed!
?[1;31m
Start test 85?[0m
How many mines do you want on the field? > > 7
 |123456789|
-|---------|
1|.........|
2|.........|
3|.........|
4|.........|
5|.........|
6|.........|
7|.........|
8|.........|
9|.........|
-|---------|
Set/unset mines marks or claim a cell as free: > > 3 5 free
 |123456789|
-|---------|
1|.........|
2|.........|
3|.........|
4|.........|
5|..1......|
6|.........|
7|.........|
8|.........|
9|.........|
-|---------|
Set/unset mines marks or claim a cell as free: > > 3 6 free
 |123456789|
-|---------|
1|.........|
2|.........|
3|.........|
4|.........|
5|1111.....|
6|///1.....|
7|///1.....|
8|/111.....|
9|/1.......|
-|---------|
Set/unset mines marks or claim a cell as free: > > 6 9 free
 |123456789|
-|---------|
1|.........|
2|.........|
3|.........|
4|.........|
5|1111.....|
6|///1.2221|
7|///111///|
8|/111/////|
9|/1.1/////|
-|---------|
Set/unset mines marks or claim a cell as free: > > 8 1 free
 |123456789|
-|---------|
1|/////////|
2|//////122|
3|111///1..|
4|..1//13..|
5|111112...|
6|///1.2221|
7|///111///|
8|/111/////|
9|/1.1/////|
-|---------|
Set/unset mines marks or claim a cell as free: > > 9 3 free
 |123456789|
-|---------|
1|/////////|
2|//////122|
3|111///1.X|
4|..1//13..|
5|111112...|
6|///1.2221|
7|///111///|
8|/111/////|
9|/1.1/////|
-|---------|
You stepped on a mine and failed!
?[1;31m
Start test 86?[0m
How many mines do you want on the field? > > 7
 |123456789|
-|---------|
1|.........|
2|.........|
3|.........|
4|.........|
5|.........|
6|.........|
7|.........|
8|.........|
9|.........|
-|---------|
Set/unset mines marks or claim a cell as free: > > 6 2 mine
 |123456789|
-|---------|
1|.........|
2|.....*...|
3|.........|
4|.........|
5|.........|
6|.........|
7|.........|
8|.........|
9|.........|
-|---------|
Set/unset mines marks or claim a cell as free: > > 6 2 mine
 |123456789|
-|---------|
1|.........|
2|.........|
3|.........|
4|.........|
5|.........|
6|.........|
7|.........|
8|.........|
9|.........|
-|---------|
Set/unset mines marks or claim a cell as free: > > 6 1 free
 |123456789|
-|---------|
1|.1///////|
2|11//1221/|
3|///12..1/|
4|///1...1/|
5|///112.1/|
6|111//1.1/|
7|..21/111/|
8|...1/////|
9|...1/////|
-|---------|
Set/unset mines marks or claim a cell as free: > > 1 9 free
 |123456789|
-|---------|
1|.1///////|
2|11//1221/|
3|///12..1/|
4|///1...1/|
5|///112.1/|
6|111//1.1/|
7|..21/111/|
8|12.1/////|
9|/1.1/////|
-|---------|
Set/unset mines marks or claim a cell as free: > > 6 3 free
 |123456789|
-|---------|
1|.1///////|
2|11//1221/|
3|///12X.1/|
4|///1...1/|
5|///112.1/|
6|111//1.1/|
7|..21/111/|
8|12.1/////|
9|/1.1/////|
-|---------|
You stepped on a mine and failed!
?[1;31m
Start test 87?[0m
How many mines do you want on the field? > > 8
 |123456789|
-|---------|
1|.........|
2|.........|
3|.........|
4|.........|
5|.........|
6|.........|
7|.........|
8|.........|
9|.........|
-|---------|
Set/unset mines marks or claim a cell as free: > > 2 8 free
 |123456789|
-|---------|
1|.........|
2|.........|
3|.........|
4|.........|
5|.........|
6|.........|
7|.........|
8|.3.......|
9|.........|
-|---------|
Set/unset mines marks or claim a cell as free: > > 6 7 free
 |123456789|
-|---------|
1|.........|
2|.........|
3|.........|
4|.........|
5|.........|
6|.........|
7|.....2...|
8|.3.......|
9|.........|
-|---------|
Set/unset mines marks or claim a cell as free: > > 3 6 free
 |123456789|
-|---------|
1|.........|
2|.........|
3|.........|
4|.........|
5|.........|
6|..2......|
7|.....2...|
8|.3.......|
9|.........|
-|---------|
Set/unset mines marks or claim a cell as free: > > 5 7 free
 |123456789|
-|---------|
1|.........|
2|.........|
3|.........|
4|.........|
5|.........|
6|..2......|
7|....12...|
8|.3.......|
9|.........|
-|---------|
Set/unset mines marks or claim a cell as free: > > 5 6 free
 |123456789|
-|---------|
1|.........|
2|.........|
3|.........|
4|.........|
5|.........|
6|..2.X....|
7|....12...|
8|.3.......|
9|.........|
-|---------|
You stepped on a mine and failed!
?[1;31m
Start test 88?[0m
How many mines do you want on the field? > > 8
 |123456789|
-|---------|
1|.........|
2|.........|
3|.........|
4|.........|
5|.........|
6|.........|
7|.........|
8|.........|
9|.........|
-|---------|
Set/unset mines marks or claim a cell as free: > > 4 5 free
 |123456789|
-|---------|
1|.........|
2|1111.....|
3|///1.....|
4|///123...|
5|/////111.|
6|///////1.|
7|//111//1.|
8|//1.21/11|
9|//1..1///|
-|---------|
Set/unset mines marks or claim a cell as free: > > 6 2 free
 |123456789|
-|---------|
1|.........|
2|1111.X...|
3|///1.....|
4|///123...|
5|/////111.|
6|///////1.|
7|//111//1.|
8|//1.21/11|
9|//1..1///|
-|---------|
You stepped on a mine and failed!
?[1;31m
Start test 89?[0m
How many mines do you want on the field? > > 9
 |123456789|
-|---------|
1|.........|
2|.........|
3|.........|
4|.........|
5|.........|
6|.........|
7|.........|
8|.........|
9|.........|
-|---------|
Set/unset mines marks or claim a cell as free: > > 2 9 free
 |123456789|
-|---------|
1|.........|
2|.....1111|
3|....21///|
4|....1//11|
5|..211//1.|
6|..1////1.|
7|.21///11.|
8|11//112..|
9|////1....|
-|---------|
Set/unset mines marks or claim a cell as free: > > 7 1 free
 |123456789|
-|---------|
1|......1..|
2|.....1111|
3|....21///|
4|....1//11|
5|..211//1.|
6|..1////1.|
7|.21///11.|
8|11//112..|
9|////1....|
-|---------|
Set/unset mines marks or claim a cell as free: > > 9 1 mine
 |123456789|
-|---------|
1|......1.*|
2|.....1111|
3|....21///|
4|....1//11|
5|..211//1.|
6|..1////1.|
7|.21///11.|
8|11//112..|
9|////1....|
-|---------|
Set/unset mines marks or claim a cell as free: > > 9 1 mine
 |123456789|
-|---------|
1|......1..|
2|.....1111|
3|....21///|
4|....1//11|
5|..211//1.|
6|..1////1.|
7|.21///11.|
8|11//112..|
9|////1....|
-|---------|
Set/unset mines marks or claim a cell as free: > > 9 1 free
 |123456789|
-|---------|
1|......1.1|
2|.....1111|
3|....21///|
4|....1//11|
5|..211//1.|
6|..1////1.|
7|.21///11.|
8|11//112..|
9|////1....|
-|---------|
Set/unset mines marks or claim a cell as free: > > 2 5 free
 |123456789|
-|---------|
1|......1.1|
2|.....1111|
3|....21///|
4|....1//11|
5|.1211//1.|
6|..1////1.|
7|.21///11.|
8|11//112..|
9|////1....|
-|---------|
Set/unset mines marks or claim a cell as free: > > 4 1 mine
 |123456789|
-|---------|
1|...*..1.1|
2|.....1111|
3|....21///|
4|....1//11|
5|.1211//1.|
6|..1////1.|
7|.21///11.|
8|11//112..|
9|////1....|
-|---------|
Set/unset mines marks or claim a cell as free: > > 4 1 mine
 |123456789|
-|---------|
1|......1.1|
2|.....1111|
3|....21///|
4|....1//11|
5|.1211//1.|
6|..1////1.|
7|.21///11.|
8|11//112..|
9|////1....|
-|---------|
Set/unset mines marks or claim a cell as free: > > 2 4 free
 |123456789|
-|---------|
1|///1..1.1|
2|///1.1111|
3|//1221///|
4|//1.1//11|
5|11211//1.|
6|..1////1.|
7|.21///11.|
8|11//112..|
9|////1....|
-|---------|
Set/unset mines marks or claim a cell as free: > > 9 5 free
 |123456789|
-|---------|
1|///1..1.1|
2|///1.1111|
3|//1221///|
4|//1.1//11|
5|11211//1X|
6|..1////1.|
7|.21///11.|
8|11//112..|
9|////1....|
-|---------|
You stepped on a mine and failed!
?[1;31m
Start test 90?[0m
How many mines do you want on the field? > > 9
 |123456789|
-|---------|
1|.........|
2|.........|
3|.........|
4|.........|
5|.........|
6|.........|
7|.........|
8|.........|
9|.........|
-|---------|
Set/unset mines marks or claim a cell as free: > > 3 8 free
 |123456789|
-|---------|
1|//1......|
2|/12.113..|
3|/1.21/3..|
4|/111/13..|
5|/////1...|
6|////12...|
7|////1....|
8|////2....|
9|////1....|
-|---------|
Set/unset mines marks or claim a cell as free: > > 6 7 mine
 |123456789|
-|---------|
1|//1......|
2|/12.113..|
3|/1.21/3..|
4|/111/13..|
5|/////1...|
6|////12...|
7|////1*...|
8|////2....|
9|////1....|
-|---------|
Set/unset mines marks or claim a cell as free: > > 7 8 free
 |123456789|
-|---------|
1|//1......|
2|/12.113..|
3|/1.21/3..|
4|/111/13..|
5|/////1...|
6|////12...|
7|////1*...|
8|////2.2..|
9|////1....|
-|---------|
Set/unset mines marks or claim a cell as free: > > 6 9 free
 |123456789|
-|---------|
1|//1......|
2|/12.113..|
3|/1.21/3..|
4|/111/13..|
5|/////1...|
6|////12...|
7|////1*...|
8|////2.2..|
9|////1X...|
-|---------|
You stepped on a mine and failed!
?[1;31m
Start test 91?[0m
How many mines do you want on the field? > > 10
 |123456789|
-|---------|
1|.........|
2|.........|
3|.........|
4|.........|
5|.........|
6|.........|
7|.........|
8|.........|
9|.........|
-|---------|
Set/unset mines marks or claim a cell as free: > > 1 9 free
 |123456789|
-|---------|
1|.........|
2|.........|
3|.........|
4|12222....|
5|////11111|
6|/////////|
7|////111//|
8|////1.1//|
9|////1.1//|
-|---------|
Set/unset mines marks or claim a cell as free: > > 8 2 mine
 |123456789|
-|---------|
1|.........|
2|.......*.|
3|.........|
4|12222....|
5|////11111|
6|/////////|
7|////111//|
8|////1.1//|
9|////1.1//|
-|---------|
Set/unset mines marks or claim a cell as free: > > 8 2 mine
 |123456789|
-|---------|
1|.........|
2|.........|
3|.........|
4|12222....|
5|////11111|
6|/////////|
7|////111//|
8|////1.1//|
9|////1.1//|
-|---------|
Set/unset mines marks or claim a cell as free: > > 1 2 free
 |123456789|
-|---------|
1|.........|
2|X........|
3|.........|
4|12222....|
5|////11111|
6|/////////|
7|////111//|
8|////1.1//|
9|////1.1//|
-|---------|
You stepped on a mine and failed!
?[1;31m
Start test 92?[0m
How many mines do you want on the field? > > 10
 |123456789|
-|---------|
1|.........|
2|.........|
3|.........|
4|.........|
5|.........|
6|.........|
7|.........|
8|.........|
9|.........|
-|---------|
Set/unset mines marks or claim a cell as free: > > 3 1 free
 |123456789|
-|---------|
1|..2......|
2|.........|
3|.........|
4|.........|
5|.........|
6|.........|
7|.........|
8|.........|
9|.........|
-|---------|
Set/unset mines marks or claim a cell as free: > > 1 1 free
 |123456789|
-|---------|
1|//2......|
2|//2......|
3|//112....|
4|////1....|
5|////2....|
6|//112....|
7|//1......|
8|/12......|
9|/1.......|
-|---------|
Set/unset mines marks or claim a cell as free: > > 7 6 mine
 |123456789|
-|---------|
1|//2......|
2|//2......|
3|//112....|
4|////1....|
5|////2....|
6|//112.*..|
7|//1......|
8|/12......|
9|/1.......|
-|---------|
Set/unset mines marks or claim a cell as free: > > 7 6 mine
 |123456789|
-|---------|
1|//2......|
2|//2......|
3|//112....|
4|////1....|
5|////2....|
6|//112....|
7|//1......|
8|/12......|
9|/1.......|
-|---------|
Set/unset mines marks or claim a cell as free: > > 7 6 mine
 |123456789|
-|---------|
1|//2......|
2|//2......|
3|//112....|
4|////1....|
5|////2....|
6|//112.*..|
7|//1......|
8|/12......|
9|/1.......|
-|---------|
Set/unset mines marks or claim a cell as free: > > 7 6 mine
 |123456789|
-|---------|
1|//2......|
2|//2......|
3|//112....|
4|////1....|
5|////2....|
6|//112....|
7|//1......|
8|/12......|
9|/1.......|
-|---------|
Set/unset mines marks or claim a cell as free: > > 9 7 mine
 |123456789|
-|---------|
1|//2......|
2|//2......|
3|//112....|
4|////1....|
5|////2....|
6|//112....|
7|//1.....*|
8|/12......|
9|/1.......|
-|---------|
Set/unset mines marks or claim a cell as free: > > 7 1 free
 |123456789|
-|---------|
1|//2..1///|
2|//2..1///|
3|//1121211|
4|////1....|
5|////2....|
6|//112....|
7|//1.....*|
8|/12......|
9|/1.......|
-|---------|
Set/unset mines marks or claim a cell as free: > > 3 9 free
 |123456789|
-|---------|
1|//2..1///|
2|//2..1///|
3|//1121211|
4|////1....|
5|////2....|
6|//112....|
7|//1.....*|
8|/12......|
9|/1X......|
-|---------|
You stepped on a mine and failed!
?[1;31m
Start test 93?[0m
How many mines do you want on the field? > > 15
 |123456789|
-|---------|
1|.........|
2|.........|
3|.........|
4|.........|
5|.........|
6|.........|
7|.........|
8|.........|
9|.........|
-|---------|
Set/unset mines marks or claim a cell as free: > > 9 9 free
 |123456789|
-|---------|
1|.........|
2|.........|
3|.........|
4|.........|
5|.........|
6|.........|
7|.........|
8|.........|
9|........1|
-|---------|
Set/unset mines marks or claim a cell as free: > > 2 9 free
 |123456789|
-|---------|
1|.........|
2|.........|
3|.........|
4|.........|
5|.........|
6|.........|
7|.........|
8|.........|
9|.1......1|
-|---------|
Set/unset mines marks or claim a cell as free: > > 7 3 free
 |123456789|
-|---------|
1|.........|
2|.........|
3|......3..|
4|.........|
5|.........|
6|.........|
7|.........|
8|.........|
9|.1......1|
-|---------|
Set/unset mines marks or claim a cell as free: > > 8 3 free
 |123456789|
-|---------|
1|.........|
2|.........|
3|......33.|
4|.........|
5|.........|
6|.........|
7|.........|
8|.........|
9|.1......1|
-|---------|
Set/unset mines marks or claim a cell as free: > > 9 6 free
 |123456789|
-|---------|
1|.........|
2|.........|
3|......33.|
4|.........|
5|.........|
6|........X|
7|.........|
8|.........|
9|.1......1|
-|---------|
You stepped on a mine and failed!
?[1;31m
Start test 94?[0m
How many mines do you want on the field? > > 15
 |123456789|
-|---------|
1|.........|
2|.........|
3|.........|
4|.........|
5|.........|
6|.........|
7|.........|
8|.........|
9|.........|
-|---------|
Set/unset mines marks or claim a cell as free: > > 7 4 mine
 |123456789|
-|---------|
1|.........|
2|.........|
3|.........|
4|......*..|
5|.........|
6|.........|
7|.........|
8|.........|
9|.........|
-|---------|
Set/unset mines marks or claim a cell as free: > > 7 4 mine
 |123456789|
-|---------|
1|.........|
2|.........|
3|.........|
4|.........|
5|.........|
6|.........|
7|.........|
8|.........|
9|.........|
-|---------|
Set/unset mines marks or claim a cell as free: > > 2 7 free
 |123456789|
-|---------|
1|.........|
2|.........|
3|.........|
4|.........|
5|.........|
6|.........|
7|.2.......|
8|.........|
9|.........|
-|---------|
Set/unset mines marks or claim a cell as free: > > 5 1 free
 |123456789|
-|---------|
1|....1....|
2|.........|
3|.........|
4|.........|
5|.........|
6|.........|
7|.2.......|
8|.........|
9|.........|
-|---------|
Set/unset mines marks or claim a cell as free: > > 3 7 free
 |123456789|
-|---------|
1|....1....|
2|.........|
3|.........|
4|.........|
5|.........|
6|.........|
7|.23......|
8|.........|
9|.........|
-|---------|
Set/unset mines marks or claim a cell as free: > > 9 8 free
 |123456789|
-|---------|
1|....1....|
2|.........|
3|.........|
4|.........|
5|.........|
6|.........|
7|.23......|
8|........1|
9|.........|
-|---------|
Set/unset mines marks or claim a cell as free: > > 9 6 mine
 |123456789|
-|---------|
1|....1....|
2|.........|
3|.........|
4|.........|
5|.........|
6|........*|
7|.23......|
8|........1|
9|.........|
-|---------|
Set/unset mines marks or claim a cell as free: > > 8 6 free
 |123456789|
-|---------|
1|....1....|
2|.........|
3|.........|
4|.........|
5|.........|
6|.......1*|
7|.23......|
8|........1|
9|.........|
-|---------|
Set/unset mines marks or claim a cell as free: > > 4 1 free
 |123456789|
-|---------|
1|...11....|
2|.........|
3|.........|
4|.........|
5|.........|
6|.......1*|
7|.23......|
8|........1|
9|.........|
-|---------|
Set/unset mines marks or claim a cell as free: > > 1 5 free
 |123456789|
-|---------|
1|...11....|
2|.........|
3|.........|
4|.........|
5|X........|
6|.......1*|
7|.23......|
8|........1|
9|.........|
-|---------|
You stepped on a mine and failed!
?[1;31m
Start test 95?[0m
How many mines do you want on the field? > > 20
 |123456789|
-|---------|
1|.........|
2|.........|
3|.........|
4|.........|
5|.........|
6|.........|
7|.........|
8|.........|
9|.........|
-|---------|
Set/unset mines marks or claim a cell as free: > > 3 4 mine
 |123456789|
-|---------|
1|.........|
2|.........|
3|.........|
4|..*......|
5|.........|
6|.........|
7|.........|
8|.........|
9|.........|
-|---------|
Set/unset mines marks or claim a cell as free: > > 7 5 free
 |123456789|
-|---------|
1|.........|
2|.........|
3|.........|
4|..*......|
5|......1..|
6|.........|
7|.........|
8|.........|
9|.........|
-|---------|
Set/unset mines marks or claim a cell as free: > > 1 5 free
 |123456789|
-|---------|
1|.........|
2|.........|
3|.........|
4|..*......|
5|1.....1..|
6|.........|
7|.........|
8|.........|
9|.........|
-|---------|
Set/unset mines marks or claim a cell as free: > > 3 5 free
 |123456789|
-|---------|
1|.........|
2|.........|
3|.........|
4|..*......|
5|1.2...1..|
6|.........|
7|.........|
8|.........|
9|.........|
-|---------|
Set/unset mines marks or claim a cell as free: > > 3 2 free
 |123456789|
-|---------|
1|.........|
2|..3......|
3|.........|
4|..*......|
5|1.2...1..|
6|.........|
7|.........|
8|.........|
9|.........|
-|---------|
Set/unset mines marks or claim a cell as free: > > 4 1 free
 |123456789|
-|---------|
1|...X.....|
2|..3......|
3|.........|
4|..*......|
5|1.2...1..|
6|.........|
7|.........|
8|.........|
9|.........|
-|---------|
You stepped on a mine and failed!
?[1;31m
Start test 96?[0m
How many mines do you want on the field? > > 20
 |123456789|
-|---------|
1|.........|
2|.........|
3|.........|
4|.........|
5|.........|
6|.........|
7|.........|
8|.........|
9|.........|
-|---------|
Set/unset mines marks or claim a cell as free: > > 5 8 mine
 |123456789|
-|---------|
1|.........|
2|.........|
3|.........|
4|.........|
5|.........|
6|.........|
7|.........|
8|....*....|
9|.........|
-|---------|
Set/unset mines marks or claim a cell as free: > > 6 8 free
 |123456789|
-|---------|
1|.........|
2|.........|
3|.........|
4|.........|
5|.........|
6|.........|
7|.........|
8|....*1...|
9|.........|
-|---------|
Set/unset mines marks or claim a cell as free: > > 5 3 free
 |123456789|
-|---------|
1|.........|
2|.........|
3|....1....|
4|.........|
5|.........|
6|.........|
7|.........|
8|....*1...|
9|.........|
-|---------|
Set/unset mines marks or claim a cell as free: > > 5 5 free
 |123456789|
-|---------|
1|.........|
2|.........|
3|....1....|
4|.........|
5|....X....|
6|.........|
7|.........|
8|....*1...|
9|.........|
-|---------|
You stepped on a mine and failed!
?[1;31m
Start test 97?[0m
How many mines do you want on the field? > > 25
 |123456789|
-|---------|
1|.........|
2|.........|
3|.........|
4|.........|
5|.........|
6|.........|
7|.........|
8|.........|
9|.........|
-|---------|
Set/unset mines marks or claim a cell as free: > > 8 1 mine
 |123456789|
-|---------|
1|.......*.|
2|.........|
3|.........|
4|.........|
5|.........|
6|.........|
7|.........|
8|.........|
9|.........|
-|---------|
Set/unset mines marks or claim a cell as free: > > 3 5 free
 |123456789|
-|---------|
1|.......*.|
2|.........|
3|.........|
4|.........|
5|..3......|
6|.........|
7|.........|
8|.........|
9|.........|
-|---------|
Set/unset mines marks or claim a cell as free: > > 3 8 free
 |123456789|
-|---------|
1|.......*.|
2|.........|
3|.........|
4|.........|
5|..3......|
6|.........|
7|.........|
8|..4......|
9|.........|
-|---------|
Set/unset mines marks or claim a cell as free: > > 8 3 mine
 |123456789|
-|---------|
1|.......*.|
2|.........|
3|.......*.|
4|.........|
5|..3......|
6|.........|
7|.........|
8|..4......|
9|.........|
-|---------|
Set/unset mines marks or claim a cell as free: > > 6 8 mine
 |123456789|
-|---------|
1|.......*.|
2|.........|
3|.......*.|
4|.........|
5|..3......|
6|.........|
7|.........|
8|..4..*...|
9|.........|
-|---------|
Set/unset mines marks or claim a cell as free: > > 8 1 mine
 |123456789|
-|---------|
1|.........|
2|.........|
3|.......*.|
4|.........|
5|..3......|
6|.........|
7|.........|
8|..4..*...|
9|.........|
-|---------|
Set/unset mines marks or claim a cell as free: > > 7 1 free
 |123456789|
-|---------|
1|......1..|
2|.........|
3|.......*.|
4|.........|
5|..3......|
6|.........|
7|.........|
8|..4..*...|
9|.........|
-|---------|
Set/unset mines marks or claim a cell as free: > > 5 8 free
 |123456789|
-|---------|
1|......1..|
2|.........|
3|.......*.|
4|.........|
5|..3......|
6|.........|
7|.........|
8|..4.3*...|
9|.........|
-|---------|
Set/unset mines marks or claim a cell as free: > > 5 1 free
 |123456789|
-|---------|
1|....1.1..|
2|.........|
3|.......*.|
4|.........|
5|..3......|
6|.........|
7|.........|
8|..4.3*...|
9|.........|
-|---------|
Set/unset mines marks or claim a cell as free: > > 2 9 free
 |123456789|
-|---------|
1|....1.1..|
2|.........|
3|.......*.|
4|.........|
5|..3......|
6|.........|
7|.........|
8|..4.3*...|
9|.2.......|
-|---------|
Set/unset mines marks or claim a cell as free: > > 4 2 free
 |123456789|
-|---------|
1|....1.1..|
2|...3.....|
3|.......*.|
4|.........|
5|..3......|
6|.........|
7|.........|
8|..4.3*...|
9|.2.......|
-|---------|
Set/unset mines marks or claim a cell as free: > > 4 5 free
 |123456789|
-|---------|
1|....1.1..|
2|...3.....|
3|.......*.|
4|.........|
5|..34.....|
6|.........|
7|.........|
8|..4.3*...|
9|.2.......|
-|---------|
Set/unset mines marks or claim a cell as free: > > 7 3 mine
 |123456789|
-|---------|
1|....1.1..|
2|...3.....|
3|......**.|
4|.........|
5|..34.....|
6|.........|
7|.........|
8|..4.3*...|
9|.2.......|
-|---------|
Set/unset mines marks or claim a cell as free: > > 6 6 mine
 |123456789|
-|---------|
1|....1.1..|
2|...3.....|
3|......**.|
4|.........|
5|..34.....|
6|.....*...|
7|.........|
8|..4.3*...|
9|.2.......|
-|---------|
Set/unset mines marks or claim a cell as free: > > 6 5 mine
 |123456789|
-|---------|
1|....1.1..|
2|...3.....|
3|......**.|
4|.........|
5|..34.*...|
6|.....*...|
7|.........|
8|..4.3*...|
9|.2.......|
-|---------|
Set/unset mines marks or claim a cell as free: > > 8 7 free
 |123456789|
-|---------|
1|....1.1..|
2|...3.....|
3|......**.|
4|.........|
5|..34.*...|
6|.....*...|
7|.......X.|
8|..4.3*...|
9|.2.......|
-|---------|
You stepped on a mine and failed!
?[1;31m
Start test 98?[0m
How many mines do you want on the field? > > 25
 |123456789|
-|---------|
1|.........|
2|.........|
3|.........|
4|.........|
5|.........|
6|.........|
7|.........|
8|.........|
9|.........|
-|---------|
Set/unset mines marks or claim a cell as free: > > 3 3 free
 |123456789|
-|---------|
1|.........|
2|.........|
3|..3......|
4|.........|
5|.........|
6|.........|
7|.........|
8|.........|
9|.........|
-|---------|
Set/unset mines marks or claim a cell as free: > > 2 2 free
 |123456789|
-|---------|
1|.........|
2|.4.......|
3|..3......|
4|.........|
5|.........|
6|.........|
7|.........|
8|.........|
9|.........|
-|---------|
Set/unset mines marks or claim a cell as free: > > 7 2 free
 |123456789|
-|---------|
1|.........|
2|.4....4..|
3|..3......|
4|.........|
5|.........|
6|.........|
7|.........|
8|.........|
9|.........|
-|---------|
Set/unset mines marks or claim a cell as free: > > 3 2 free
 |123456789|
-|---------|
1|.........|
2|.4X...4..|
3|..3......|
4|.........|
5|.........|
6|.........|
7|.........|
8|.........|
9|.........|
-|---------|
You stepped on a mine and failed!
?[1;31m
Start test 99?[0m
How many mines do you want on the field? > > 30
 |123456789|
-|---------|
1|.........|
2|.........|
3|.........|
4|.........|
5|.........|
6|.........|
7|.........|
8|.........|
9|.........|
-|---------|
Set/unset mines marks or claim a cell as free: > > 6 8 mine
 |123456789|
-|---------|
1|.........|
2|.........|
3|.........|
4|.........|
5|.........|
6|.........|
7|.........|
8|.....*...|
9|.........|
-|---------|
Set/unset mines marks or claim a cell as free: > > 3 5 mine
 |123456789|
-|---------|
1|.........|
2|.........|
3|.........|
4|.........|
5|..*......|
6|.........|
7|.........|
8|.....*...|
9|.........|
-|---------|
Set/unset mines marks or claim a cell as free: > > 8 8 free
 |123456789|
-|---------|
1|.........|
2|.........|
3|.........|
4|.........|
5|..*......|
6|.........|
7|.........|
8|.....*.3.|
9|.........|
-|---------|
Set/unset mines marks or claim a cell as free: > > 9 2 mine
 |123456789|
-|---------|
1|.........|
2|........*|
3|.........|
4|.........|
5|..*......|
6|.........|
7|.........|
8|.....*.3.|
9|.........|
-|---------|
Set/unset mines marks or claim a cell as free: > > 3 6 mine
 |123456789|
-|---------|
1|.........|
2|........*|
3|.........|
4|.........|
5|..*......|
6|..*......|
7|.........|
8|.....*.3.|
9|.........|
-|---------|
Set/unset mines marks or claim a cell as free: > > 1 7 mine
 |123456789|
-|---------|
1|.........|
2|........*|
3|.........|
4|.........|
5|..*......|
6|..*......|
7|*........|
8|.....*.3.|
9|.........|
-|---------|
Set/unset mines marks or claim a cell as free: > > 6 8 mine
 |123456789|
-|---------|
1|.........|
2|........*|
3|.........|
4|.........|
5|..*......|
6|..*......|
7|*........|
8|.......3.|
9|.........|
-|---------|
Set/unset mines marks or claim a cell as free: > > 3 1 mine
 |123456789|
-|---------|
1|..*......|
2|........*|
3|.........|
4|.........|
5|..*......|
6|..*......|
7|*........|
8|.......3.|
9|.........|
-|---------|
Set/unset mines marks or claim a cell as free: > > 4 6 free
 |123456789|
-|---------|
1|..*......|
2|........*|
3|.........|
4|.........|
5|..*......|
6|..*X.....|
7|*........|
8|.......3.|
9|.........|
-|---------|
You stepped on a mine and failed!
?[1;31m
Start test 100?[0m
How many mines do you want on the field? > > 30
 |123456789|
-|---------|
1|.........|
2|.........|
3|.........|
4|.........|
5|.........|
6|.........|
7|.........|
8|.........|
9|.........|
-|---------|
Set/unset mines marks or claim a cell as free: > > 7 7 mine
 |123456789|
-|---------|
1|.........|
2|.........|
3|.........|
4|.........|
5|.........|
6|.........|
7|......*..|
8|.........|
9|.........|
-|---------|
Set/unset mines marks or claim a cell as free: > > 7 7 mine
 |123456789|
-|---------|
1|.........|
2|.........|
3|.........|
4|.........|
5|.........|
6|.........|
7|.........|
8|.........|
9|.........|
-|---------|
Set/unset mines marks or claim a cell as free: > > 4 5 free
 |123456789|
-|---------|
1|.........|
2|.........|
3|.........|
4|.........|
5|...4.....|
6|.........|
7|.........|
8|.........|
9|.........|
-|---------|
Set/unset mines marks or claim a cell as free: > > 6 3 free
 |123456789|
-|---------|
1|.........|
2|.........|
3|.....1...|
4|.........|
5|...4.....|
6|.........|
7|.........|
8|.........|
9|.........|
-|---------|
Set/unset mines marks or claim a cell as free: > > 6 1 mine
 |123456789|
-|---------|
1|.....*...|
2|.........|
3|.....1...|
4|.........|
5|...4.....|
6|.........|
7|.........|
8|.........|
9|.........|
-|---------|
Set/unset mines marks or claim a cell as free: > > 7 2 free
 |123456789|
-|---------|
1|.....*...|
2|......1..|
3|.....1...|
4|.........|
5|...4.....|
6|.........|
7|.........|
8|.........|
9|.........|
-|---------|
Set/unset mines marks or claim a cell as free: > > 2 8 mine
 |123456789|
-|---------|
1|.....*...|
2|......1..|
3|.....1...|
4|.........|
5|...4.....|
6|.........|
7|.........|
8|.*.......|
9|.........|
-|---------|
Set/unset mines marks or claim a cell as free: > > 6 1 mine
 |123456789|
-|---------|
1|.........|
2|......1..|
3|.....1...|
4|.........|
5|...4.....|
6|.........|
7|.........|
8|.*.......|
9|.........|
-|---------|
Set/unset mines marks or claim a cell as free: > > 2 8 mine
 |123456789|
-|---------|
1|.........|
2|......1..|
3|.....1...|
4|.........|
5|...4.....|
6|.........|
7|.........|
8|.........|
9|.........|
-|---------|
Set/unset mines marks or claim a cell as free: > > 4 1 free
 |123456789|
-|---------|
1|...1.....|
2|......1..|
3|.....1...|
4|.........|
5|...4.....|
6|.........|
7|.........|
8|.........|
9|.........|
-|---------|
Set/unset mines marks or claim a cell as free: > > 4 2 mine
 |123456789|
-|---------|
1|...1.....|
2|...*..1..|
3|.....1...|
4|.........|
5|...4.....|
6|.........|
7|.........|
8|.........|
9|.........|
-|---------|
Set/unset mines marks or claim a cell as free: > > 2 1 free
 |123456789|
-|---------|
1|.1.1.....|
2|...*..1..|
3|.....1...|
4|.........|
5|...4.....|
6|.........|
7|.........|
8|.........|
9|.........|
-|---------|
Set/unset mines marks or claim a cell as free: > > 8 7 free
 |123456789|
-|---------|
1|.1.1.....|
2|...*..1..|
3|.....1...|
4|.........|
5|...4.....|
6|.........|
7|.......X.|
8|.........|
9|.........|
-|---------|
You stepped on a mine and failed!
?[1;31m
Start test 101?[0m
How many mines do you want on the field? > > 35
 |123456789|
-|---------|
1|.........|
2|.........|
3|.........|
4|.........|
5|.........|
6|.........|
7|.........|
8|.........|
9|.........|
-|---------|
Set/unset mines marks or claim a cell as free: > > 1 4 free
 |123456789|
-|---------|
1|.........|
2|.........|
3|.........|
4|4........|
5|.........|
6|.........|
7|.........|
8|.........|
9|.........|
-|---------|
Set/unset mines marks or claim a cell as free: > > 2 5 free
 |123456789|
-|---------|
1|.........|
2|.........|
3|.........|
4|4........|
5|.4.......|
6|.........|
7|.........|
8|.........|
9|.........|
-|---------|
Set/unset mines marks or claim a cell as free: > > 8 4 mine
 |123456789|
-|---------|
1|.........|
2|.........|
3|.........|
4|4......*.|
5|.4.......|
6|.........|
7|.........|
8|.........|
9|.........|
-|---------|
Set/unset mines marks or claim a cell as free: > > 8 4 mine
 |123456789|
-|---------|
1|.........|
2|.........|
3|.........|
4|4........|
5|.4.......|
6|.........|
7|.........|
8|.........|
9|.........|
-|---------|
Set/unset mines marks or claim a cell as free: > > 2 2 free
 |123456789|
-|---------|
1|.........|
2|.4.......|
3|.........|
4|4........|
5|.4.......|
6|.........|
7|.........|
8|.........|
9|.........|
-|---------|
Set/unset mines marks or claim a cell as free: > > 5 2 free
 |123456789|
-|---------|
1|.........|
2|.4..1....|
3|.........|
4|4........|
5|.4.......|
6|.........|
7|.........|
8|.........|
9|.........|
-|---------|
Set/unset mines marks or claim a cell as free: > > 1 2 free
 |123456789|
-|---------|
1|.........|
2|34..1....|
3|.........|
4|4........|
5|.4.......|
6|.........|
7|.........|
8|.........|
9|.........|
-|---------|
Set/unset mines marks or claim a cell as free: > > 8 3 free
 |123456789|
-|---------|
1|.........|
2|34..1....|
3|.......6.|
4|4........|
5|.4.......|
6|.........|
7|.........|
8|.........|
9|.........|
-|---------|
Set/unset mines marks or claim a cell as free: > > 8 5 free
 |123456789|
-|---------|
1|.........|
2|34..1....|
3|.......6.|
4|4........|
5|.4.....4.|
6|.........|
7|.........|
8|.........|
9|.........|
-|---------|
Set/unset mines marks or claim a cell as free: > > 8 6 mine
 |123456789|
-|---------|
1|.........|
2|34..1....|
3|.......6.|
4|4........|
5|.4.....4.|
6|.......*.|
7|.........|
8|.........|
9|.........|
-|---------|
Set/unset mines marks or claim a cell as free: > > 7 6 free
 |123456789|
-|---------|
1|.........|
2|34..1....|
3|.......6.|
4|4........|
5|.4.....4.|
6|......4*.|
7|.........|
8|.........|
9|.........|
-|---------|
Set/unset mines marks or claim a cell as free: > > 3 5 mine
 |123456789|
-|---------|
1|.........|
2|34..1....|
3|.......6.|
4|4........|
5|.4*....4.|
6|......4*.|
7|.........|
8|.........|
9|.........|
-|---------|
Set/unset mines marks or claim a cell as free: > > 6 1 mine
 |123456789|
-|---------|
1|.....*...|
2|34..1....|
3|.......6.|
4|4........|
5|.4*....4.|
6|......4*.|
7|.........|
8|.........|
9|.........|
-|---------|
Set/unset mines marks or claim a cell as free: > > 8 6 mine
 |123456789|
-|---------|
1|.....*...|
2|34..1....|
3|.......6.|
4|4........|
5|.4*....4.|
6|......4..|
7|.........|
8|.........|
9|.........|
-|---------|
Set/unset mines marks or claim a cell as free: > > 7 9 mine
 |123456789|
-|---------|
1|.....*...|
2|34..1....|
3|.......6.|
4|4........|
5|.4*....4.|
6|......4..|
7|.........|
8|.........|
9|......*..|
-|---------|
Set/unset mines marks or claim a cell as free: > > 3 7 free
 |123456789|
-|---------|
1|.....*...|
2|34..1....|
3|.......6.|
4|4........|
5|.4*....4.|
6|......4..|
7|..3......|
8|.........|
9|......*..|
-|---------|
Set/unset mines marks or claim a cell as free: > > 6 2 mine
 |123456789|
-|---------|
1|.....*...|
2|34..1*...|
3|.......6.|
4|4........|
5|.4*....4.|
6|......4..|
7|..3......|
8|.........|
9|......*..|
-|---------|
Set/unset mines marks or claim a cell as free: > > 2 9 free
 |123456789|
-|---------|
1|.....*...|
2|34..1*...|
3|.......6.|
4|4........|
5|.4*....4.|
6|......4..|
7|..3......|
8|.........|
9|.2....*..|
-|---------|
Set/unset mines marks or claim a cell as free: > > 9 1 free
 |123456789|
-|---------|
1|.....*..1|
2|34..1*...|
3|.......6.|
4|4........|
5|.4*....4.|
6|......4..|
7|..3......|
8|.........|
9|.2....*..|
-|---------|
Set/unset mines marks or claim a cell as free: > > 4 3 free
 |123456789|
-|---------|
1|.....*..1|
2|34..1*...|
3|...4...6.|
4|4........|
5|.4*....4.|
6|......4..|
7|..3......|
8|.........|
9|.2....*..|
-|---------|
Set/unset mines marks or claim a cell as free: > > 6 1 mine
 |123456789|
-|---------|
1|........1|
2|34..1*...|
3|...4...6.|
4|4........|
5|.4*....4.|
6|......4..|
7|..3......|
8|.........|
9|.2....*..|
-|---------|
Set/unset mines marks or claim a cell as free: > > 1 7 free
 |123456789|
-|---------|
1|........1|
2|34..1*...|
3|...4...6.|
4|4........|
5|.4*....4.|
6|......4..|
7|X.3......|
8|.........|
9|.2....*..|
-|---------|
You stepped on a mine and failed!
?[1;31m
Start test 102?[0m
How many mines do you want on the field? > > 35
 |123456789|
-|---------|
1|.........|
2|.........|
3|.........|
4|.........|
5|.........|
6|.........|
7|.........|
8|.........|
9|.........|
-|---------|
Set/unset mines marks or claim a cell as free: > > 3 8 mine
 |123456789|
-|---------|
1|.........|
2|.........|
3|.........|
4|.........|
5|.........|
6|.........|
7|.........|
8|..*......|
9|.........|
-|---------|
Set/unset mines marks or claim a cell as free: > > 2 9 mine
 |123456789|
-|---------|
1|.........|
2|.........|
3|.........|
4|.........|
5|.........|
6|.........|
7|.........|
8|..*......|
9|.*.......|
-|---------|
Set/unset mines marks or claim a cell as free: > > 3 8 mine
 |123456789|
-|---------|
1|.........|
2|.........|
3|.........|
4|.........|
5|.........|
6|.........|
7|.........|
8|.........|
9|.*.......|
-|---------|
Set/unset mines marks or claim a cell as free: > > 1 1 free
 |123456789|
-|---------|
1|2........|
2|.........|
3|.........|
4|.........|
5|.........|
6|.........|
7|.........|
8|.........|
9|.*.......|
-|---------|
Set/unset mines marks or claim a cell as free: > > 2 9 mine
 |123456789|
-|---------|
1|2........|
2|.........|
3|.........|
4|.........|
5|.........|
6|.........|
7|.........|
8|.........|
9|.........|
-|---------|
Set/unset mines marks or claim a cell as free: > > 2 7 free
 |123456789|
-|---------|
1|2........|
2|.........|
3|.........|
4|.........|
5|.........|
6|.........|
7|.5.......|
8|.........|
9|.........|
-|---------|
Set/unset mines marks or claim a cell as free: > > 2 5 mine
 |123456789|
-|---------|
1|2........|
2|.........|
3|.........|
4|.........|
5|.*.......|
6|.........|
7|.5.......|
8|.........|
9|.........|
-|---------|
Set/unset mines marks or claim a cell as free: > > 2 5 mine
 |123456789|
-|---------|
1|2........|
2|.........|
3|.........|
4|.........|
5|.........|
6|.........|
7|.5.......|
8|.........|
9|.........|
-|---------|
Set/unset mines marks or claim a cell as free: > > 7 9 free
 |123456789|
-|---------|
1|2........|
2|.........|
3|.........|
4|.........|
5|.........|
6|.........|
7|.5.......|
8|.........|
9|......X..|
-|---------|
You stepped on a mine and failed!
?[1;31m
Start test 103?[0m
How many mines do you want on the field? > > 40
 |123456789|
-|---------|
1|.........|
2|.........|
3|.........|
4|.........|
5|.........|
6|.........|
7|.........|
8|.........|
9|.........|
-|---------|
Set/unset mines marks or claim a cell as free: > > 5 7 free
 |123456789|
-|---------|
1|.........|
2|.........|
3|.........|
4|.........|
5|.........|
6|.........|
7|....2....|
8|.........|
9|.........|
-|---------|
Set/unset mines marks or claim a cell as free: > > 3 6 free
 |123456789|
-|---------|
1|.........|
2|.........|
3|.........|
4|.........|
5|.........|
6|..4......|
7|....2....|
8|.........|
9|.........|
-|---------|
Set/unset mines marks or claim a cell as free: > > 9 2 mine
 |123456789|
-|---------|
1|.........|
2|........*|
3|.........|
4|.........|
5|.........|
6|..4......|
7|....2....|
8|.........|
9|.........|
-|---------|
Set/unset mines marks or claim a cell as free: > > 7 5 mine
 |123456789|
-|---------|
1|.........|
2|........*|
3|.........|
4|.........|
5|......*..|
6|..4......|
7|....2....|
8|.........|
9|.........|
-|---------|
Set/unset mines marks or claim a cell as free: > > 7 2 free
 |123456789|
-|---------|
1|.........|
2|......X.*|
3|.........|
4|.........|
5|......*..|
6|..4......|
7|....2....|
8|.........|
9|.........|
-|---------|
You stepped on a mine and failed!
?[1;31m
Start test 104?[0m
How many mines do you want on the field? > > 40
 |123456789|
-|---------|
1|.........|
2|.........|
3|.........|
4|.........|
5|.........|
6|.........|
7|.........|
8|.........|
9|.........|
-|---------|
Set/unset mines marks or claim a cell as free: > > 3 8 mine
 |123456789|
-|---------|
1|.........|
2|.........|
3|.........|
4|.........|
5|.........|
6|.........|
7|.........|
8|..*......|
9|.........|
-|---------|
Set/unset mines marks or claim a cell as free: > > 3 8 mine
 |123456789|
-|---------|
1|.........|
2|.........|
3|.........|
4|.........|
5|.........|
6|.........|
7|.........|
8|.........|
9|.........|
-|---------|
Set/unset mines marks or claim a cell as free: > > 6 7 free
 |123456789|
-|---------|
1|.........|
2|.........|
3|.........|
4|.........|
5|.........|
6|.........|
7|.....4...|
8|.........|
9|.........|
-|---------|
Set/unset mines marks or claim a cell as free: > > 3 8 free
 |123456789|
-|---------|
1|.........|
2|.........|
3|.........|
4|.........|
5|.........|
6|.........|
7|.....4...|
8|..X......|
9|.........|
-|---------|
You stepped on a mine and failed!
?[1;31m
Start test 105?[0m
How many mines do you want on the field? > > 45
 |123456789|
-|---------|
1|.........|
2|.........|
3|.........|
4|.........|
5|.........|
6|.........|
7|.........|
8|.........|
9|.........|
-|---------|
Set/unset mines marks or claim a cell as free: > > 2 4 free
 |123456789|
-|---------|
1|.........|
2|.........|
3|.........|
4|.4.......|
5|.........|
6|.........|
7|.........|
8|.........|
9|.........|
-|---------|
Set/unset mines marks or claim a cell as free: > > 5 9 free
 |123456789|
-|---------|
1|.........|
2|.........|
3|.........|
4|.4.......|
5|.........|
6|.........|
7|.........|
8|.........|
9|....2....|
-|---------|
Set/unset mines marks or claim a cell as free: > > 1 9 mine
 |123456789|
-|---------|
1|.........|
2|.........|
3|.........|
4|.4.......|
5|.........|
6|.........|
7|.........|
8|.........|
9|*...2....|
-|---------|
Set/unset mines marks or claim a cell as free: > > 9 8 mine
 |123456789|
-|---------|
1|.........|
2|.........|
3|.........|
4|.4.......|
5|.........|
6|.........|
7|.........|
8|........*|
9|*...2....|
-|---------|
Set/unset mines marks or claim a cell as free: > > 6 6 free
 |123456789|
-|---------|
1|.........|
2|.........|
3|.........|
4|.4.......|
5|.........|
6|.....5...|
7|.........|
8|........*|
9|*...2....|
-|---------|
Set/unset mines marks or claim a cell as free: > > 8 3 free
 |123456789|
-|---------|
1|.........|
2|.........|
3|.......4.|
4|.4.......|
5|.........|
6|.....5...|
7|.........|
8|........*|
9|*...2....|
-|---------|
Set/unset mines marks or claim a cell as free: > > 3 7 free
 |123456789|
-|---------|
1|.........|
2|.........|
3|.......4.|
4|.4.......|
5|.........|
6|.....5...|
7|..X......|
8|........*|
9|*...2....|
-|---------|
You stepped on a mine and failed!
?[1;31m
Start test 106?[0m
How many mines do you want on the field? > > 45
 |123456789|
-|---------|
1|.........|
2|.........|
3|.........|
4|.........|
5|.........|
6|.........|
7|.........|
8|.........|
9|.........|
-|---------|
Set/unset mines marks or claim a cell as free: > > 7 3 free
 |123456789|
-|---------|
1|.........|
2|.........|
3|......5..|
4|.........|
5|.........|
6|.........|
7|.........|
8|.........|
9|.........|
-|---------|
Set/unset mines marks or claim a cell as free: > > 1 2 free
 |123456789|
-|---------|
1|.........|
2|5........|
3|......5..|
4|.........|
5|.........|
6|.........|
7|.........|
8|.........|
9|.........|
-|---------|
Set/unset mines marks or claim a cell as free: > > 1 7 free
 |123456789|
-|---------|
1|.........|
2|5........|
3|......5..|
4|.........|
5|.........|
6|.........|
7|3........|
8|.........|
9|.........|
-|---------|
Set/unset mines marks or claim a cell as free: > > 1 8 free
 |123456789|
-|---------|
1|.........|
2|5........|
3|......5..|
4|.........|
5|.........|
6|.........|
7|3........|
8|X........|
9|.........|
-|---------|
You stepped on a mine and failed!
?[1;31m
Start test 107?[0m
How many mines do you want on the field? > > 50
 |123456789|
-|---------|
1|.........|
2|.........|
3|.........|
4|.........|
5|.........|
6|.........|
7|.........|
8|.........|
9|.........|
-|---------|
Set/unset mines marks or claim a cell as free: > > 8 4 free
 |123456789|
-|---------|
1|.........|
2|.........|
3|.........|
4|.......6.|
5|.........|
6|.........|
7|.........|
8|.........|
9|.........|
-|---------|
Set/unset mines marks or claim a cell as free: > > 2 8 free
 |123456789|
-|---------|
1|.........|
2|.........|
3|.........|
4|.......6.|
5|.........|
6|.........|
7|.........|
8|.6.......|
9|.........|
-|---------|
Set/unset mines marks or claim a cell as free: > > 7 2 free
 |123456789|
-|---------|
1|.........|
2|......X..|
3|.........|
4|.......6.|
5|.........|
6|.........|
7|.........|
8|.6.......|
9|.........|
-|---------|
You stepped on a mine and failed!
?[1;31m
Start test 108?[0m
How many mines do you want on the field? > > 50
 |123456789|
-|---------|
1|.........|
2|.........|
3|.........|
4|.........|
5|.........|
6|.........|
7|.........|
8|.........|
9|.........|
-|---------|
Set/unset mines marks or claim a cell as free: > > 4 6 mine
 |123456789|
-|---------|
1|.........|
2|.........|
3|.........|
4|.........|
5|.........|
6|...*.....|
7|.........|
8|.........|
9|.........|
-|---------|
Set/unset mines marks or claim a cell as free: > > 4 6 mine
 |123456789|
-|---------|
1|.........|
2|.........|
3|.........|
4|.........|
5|.........|
6|.........|
7|.........|
8|.........|
9|.........|
-|---------|
Set/unset mines marks or claim a cell as free: > > 6 5 free
 |123456789|
-|---------|
1|.........|
2|.........|
3|.........|
4|.........|
5|.....5...|
6|.........|
7|.........|
8|.........|
9|.........|
-|---------|
Set/unset mines marks or claim a cell as free: > > 3 6 free
 |123456789|
-|---------|
1|.........|
2|.........|
3|.........|
4|.........|
5|.....5...|
6|..X......|
7|.........|
8|.........|
9|.........|
-|---------|
You stepped on a mine and failed!
?[1;31m
Start test 109?[0m
How many mines do you want on the field? > > 55
 |123456789|
-|---------|
1|.........|
2|.........|
3|.........|
4|.........|
5|.........|
6|.........|
7|.........|
8|.........|
9|.........|
-|---------|
Set/unset mines marks or claim a cell as free: > > 3 6 free
 |123456789|
-|---------|
1|.........|
2|.........|
3|.........|
4|.........|
5|.........|
6|..7......|
7|.........|
8|.........|
9|.........|
-|---------|
Set/unset mines marks or claim a cell as free: > > 4 7 free
 |123456789|
-|---------|
1|.........|
2|.........|
3|.........|
4|.........|
5|.........|
6|..7......|
7|...X.....|
8|.........|
9|.........|
-|---------|
You stepped on a mine and failed!
?[1;31m
Start test 110?[0m
How many mines do you want on the field? > > 55
 |123456789|
-|---------|
1|.........|
2|.........|
3|.........|
4|.........|
5|.........|
6|.........|
7|.........|
8|.........|
9|.........|
-|---------|
Set/unset mines marks or claim a cell as free: > > 8 6 mine
 |123456789|
-|---------|
1|.........|
2|.........|
3|.........|
4|.........|
5|.........|
6|.......*.|
7|.........|
8|.........|
9|.........|
-|---------|
Set/unset mines marks or claim a cell as free: > > 3 2 free
 |123456789|
-|---------|
1|.........|
2|..7......|
3|.........|
4|.........|
5|.........|
6|.......*.|
7|.........|
8|.........|
9|.........|
-|---------|
Set/unset mines marks or claim a cell as free: > > 8 6 mine
 |123456789|
-|---------|
1|.........|
2|..7......|
3|.........|
4|.........|
5|.........|
6|.........|
7|.........|
8|.........|
9|.........|
-|---------|
Set/unset mines marks or claim a cell as free: > > 4 5 mine
 |123456789|
-|---------|
1|.........|
2|..7......|
3|.........|
4|.........|
5|...*.....|
6|.........|
7|.........|
8|.........|
9|.........|
-|---------|
Set/unset mines marks or claim a cell as free: > > 4 5 mine
 |123456789|
-|---------|
1|.........|
2|..7......|
3|.........|
4|.........|
5|.........|
6|.........|
7|.........|
8|.........|
9|.........|
-|---------|
Set/unset mines marks or claim a cell as free: > > 5 6 free
 |123456789|
-|---------|
1|.........|
2|..7......|
3|.........|
4|.........|
5|.........|
6|....X....|
7|.........|
8|.........|
9|.........|
-|---------|
You stepped on a mine and failed!
?[1;31m
Start test 111?[0m
How many mines do you want on the field? > > 60
 |123456789|
-|---------|
1|.........|
2|.........|
3|.........|
4|.........|
5|.........|
6|.........|
7|.........|
8|.........|
9|.........|
-|---------|
Set/unset mines marks or claim a cell as free: > > 3 5 mine
 |123456789|
-|---------|
1|.........|
2|.........|
3|.........|
4|.........|
5|..*......|
6|.........|
7|.........|
8|.........|
9|.........|
-|---------|
Set/unset mines marks or claim a cell as free: > > 9 6 free
 |123456789|
-|---------|
1|.........|
2|.........|
3|.........|
4|.........|
5|..*......|
6|........3|
7|.........|
8|.........|
9|.........|
-|---------|
Set/unset mines marks or claim a cell as free: > > 7 9 free
 |123456789|
-|---------|
1|.........|
2|.........|
3|.........|
4|.........|
5|..*......|
6|........3|
7|.........|
8|.........|
9|......4..|
-|---------|
Set/unset mines marks or claim a cell as free: > > 5 6 mine
 |123456789|
-|---------|
1|.........|
2|.........|
3|.........|
4|.........|
5|..*......|
6|....*...3|
7|.........|
8|.........|
9|......4..|
-|---------|
Set/unset mines marks or claim a cell as free: > > 5 6 mine
 |123456789|
-|---------|
1|.........|
2|.........|
3|.........|
4|.........|
5|..*......|
6|........3|
7|.........|
8|.........|
9|......4..|
-|---------|
Set/unset mines marks or claim a cell as free: > > 5 9 mine
 |123456789|
-|---------|
1|.........|
2|.........|
3|.........|
4|.........|
5|..*......|
6|........3|
7|.........|
8|.........|
9|....*.4..|
-|---------|
Set/unset mines marks or claim a cell as free: > > 4 2 mine
 |123456789|
-|---------|
1|.........|
2|...*.....|
3|.........|
4|.........|
5|..*......|
6|........3|
7|.........|
8|.........|
9|....*.4..|
-|---------|
Set/unset mines marks or claim a cell as free: > > 3 5 mine
 |123456789|
-|---------|
1|.........|
2|...*.....|
3|.........|
4|.........|
5|.........|
6|........3|
7|.........|
8|.........|
9|....*.4..|
-|---------|
Set/unset mines marks or claim a cell as free: > > 6 1 free
 |123456789|
-|---------|
1|.....X...|
2|...*.....|
3|.........|
4|.........|
5|.........|
6|........3|
7|.........|
8|.........|
9|....*.4..|
-|---------|
You stepped on a mine and failed!
?[1;31m
Start test 112?[0m
How many mines do you want on the field? > > 60
 |123456789|
-|---------|
1|.........|
2|.........|
3|.........|
4|.........|
5|.........|
6|.........|
7|.........|
8|.........|
9|.........|
-|---------|
Set/unset mines marks or claim a cell as free: > > 1 5 mine
 |123456789|
-|---------|
1|.........|
2|.........|
3|.........|
4|.........|
5|*........|
6|.........|
7|.........|
8|.........|
9|.........|
-|---------|
Set/unset mines marks or claim a cell as free: > > 8 7 free
 |123456789|
-|---------|
1|.........|
2|.........|
3|.........|
4|.........|
5|*........|
6|.........|
7|.......8.|
8|.........|
9|.........|
-|---------|
Set/unset mines marks or claim a cell as free: > > 4 9 mine
 |123456789|
-|---------|
1|.........|
2|.........|
3|.........|
4|.........|
5|*........|
6|.........|
7|.......8.|
8|.........|
9|...*.....|
-|---------|
Set/unset mines marks or claim a cell as free: > > 3 8 mine
 |123456789|
-|---------|
1|.........|
2|.........|
3|.........|
4|.........|
5|*........|
6|.........|
7|.......8.|
8|..*......|
9|...*.....|
-|---------|
Set/unset mines marks or claim a cell as free: > > 2 3 free
 |123456789|
-|---------|
1|.........|
2|.........|
3|.X.......|
4|.........|
5|*........|
6|.........|
7|.......8.|
8|..*......|
9|...*.....|
-|---------|
You stepped on a mine and failed!
?[1;31m
Start test 113?[0m
How many mines do you want on the field? > > 65
 |123456789|
-|---------|
1|.........|
2|.........|
3|.........|
4|.........|
5|.........|
6|.........|
7|.........|
8|.........|
9|.........|
-|---------|
Set/unset mines marks or claim a cell as free: > > 9 9 free
 |123456789|
-|---------|
1|.........|
2|.........|
3|.........|
4|.........|
5|.........|
6|.........|
7|.........|
8|.........|
9|........2|
-|---------|
Set/unset mines marks or claim a cell as free: > > 9 6 free
 |123456789|
-|---------|
1|.........|
2|.........|
3|.........|
4|.........|
5|.........|
6|........X|
7|.........|
8|.........|
9|........2|
-|---------|
You stepped on a mine and failed!
?[1;31m
Start test 114?[0m
How many mines do you want on the field? > > 65
 |123456789|
-|---------|
1|.........|
2|.........|
3|.........|
4|.........|
5|.........|
6|.........|
7|.........|
8|.........|
9|.........|
-|---------|
Set/unset mines marks or claim a cell as free: > > 1 1 free
 |123456789|
-|---------|
1|3........|
2|.........|
3|.........|
4|.........|
5|.........|
6|.........|
7|.........|
8|.........|
9|.........|
-|---------|
Set/unset mines marks or claim a cell as free: > > 5 6 mine
 |123456789|
-|---------|
1|3........|
2|.........|
3|.........|
4|.........|
5|.........|
6|....*....|
7|.........|
8|.........|
9|.........|
-|---------|
Set/unset mines marks or claim a cell as free: > > 7 1 mine
 |123456789|
-|---------|
1|3.....*..|
2|.........|
3|.........|
4|.........|
5|.........|
6|....*....|
7|.........|
8|.........|
9|.........|
-|---------|
Set/unset mines marks or claim a cell as free: > > 3 6 free
 |123456789|
-|---------|
1|3.....*..|
2|.........|
3|.........|
4|.........|
5|.........|
6|..5.*....|
7|.........|
8|.........|
9|.........|
-|---------|
Set/unset mines marks or claim a cell as free: > > 1 8 free
 |123456789|
-|---------|
1|3.....*..|
2|.........|
3|.........|
4|.........|
5|.........|
6|..5.*....|
7|.........|
8|3........|
9|.........|
-|---------|
Set/unset mines marks or claim a cell as free: > > 1 5 free
 |123456789|
-|---------|
1|3.....*..|
2|.........|
3|.........|
4|.........|
5|2........|
6|..5.*....|
7|.........|
8|3........|
9|.........|
-|---------|
Set/unset mines marks or claim a cell as free: > > 5 6 mine
 |123456789|
-|---------|
1|3.....*..|
2|.........|
3|.........|
4|.........|
5|2........|
6|..5......|
7|.........|
8|3........|
9|.........|
-|---------|
Set/unset mines marks or claim a cell as free: > > 8 1 mine
 |123456789|
-|---------|
1|3.....**.|
2|.........|
3|.........|
4|.........|
5|2........|
6|..5......|
7|.........|
8|3........|
9|.........|
-|---------|
Set/unset mines marks or claim a cell as free: > > 4 6 mine
 |123456789|
-|---------|
1|3.....**.|
2|.........|
3|.........|
4|.........|
5|2........|
6|..5*.....|
7|.........|
8|3........|
9|.........|
-|---------|
Set/unset mines marks or claim a cell as free: > > 3 9 free
 |123456789|
-|---------|
1|3.....**.|
2|.........|
3|.........|
4|.........|
5|2........|
6|..5*.....|
7|.........|
8|3........|
9|..X......|
-|---------|
You stepped on a mine and failed!
]]></system-out>
  <system-err><![CDATA[]]></system-err>
</testsuite>
